Analysis & Elaboration report for UART
Sun Apr 13 22:17:10 2025
Quartus Prime Version 20.1.1 Build 720 11/11/2020 SJ Lite Edition


---------------------
; Table of Contents ;
---------------------
  1. Legal Notice
  2. Analysis & Elaboration Summary
  3. Parallel Compilation
  4. Parameter Settings for User Entity Instance: UART_Rcv:b2v_Receiver|Rcv_BaudCounterStartBitDetector:b2v_BaudCounterStartBitDetect
  5. Parameter Settings for User Entity Instance: UART_Rcv:b2v_Receiver|Rcv_Controller:b2v_ReceiveController
  6. Parameter Settings for User Entity Instance: UART_Xmit:b2v_Transmitter|Xmit_mux3:b2v_TxD_MUX|mux3:mux3_0
  7. Parameter Settings for User Entity Instance: UART_Xmit:b2v_Transmitter|Xmit_mux3:b2v_TxD_MUX|mux3:mux3_0|mux2:mux2_0
  8. Parameter Settings for User Entity Instance: UART_Xmit:b2v_Transmitter|Xmit_mux3:b2v_TxD_MUX|mux3:mux3_0|mux2:mux2_1
  9. Parameter Settings for User Entity Instance: UART_Xmit:b2v_Transmitter|Xmit_Controller:b2v_XmitController
 10. Analysis & Elaboration Settings
 11. Port Connectivity Checks: "UART_Xmit:b2v_Transmitter|Xmit_Controller:b2v_XmitController"
 12. Port Connectivity Checks: "register_n_tri:b2v_StatusRegister"
 13. Port Connectivity Checks: "UART_Rcv:b2v_Receiver|Rcv_Controller:b2v_ReceiveController"
 14. Analysis & Elaboration Messages
 15. Analysis & Elaboration Suppressed Messages



----------------
; Legal Notice ;
----------------
Copyright (C) 2020  Intel Corporation. All rights reserved.
Your use of Intel Corporation's design tools, logic functions 
and other software and tools, and any partner logic 
functions, and any output files from any of the foregoing 
(including device programming or simulation files), and any 
associated documentation or information are expressly subject 
to the terms and conditions of the Intel Program License 
Subscription Agreement, the Intel Quartus Prime License Agreement,
the Intel FPGA IP License Agreement, or other applicable license
agreement, including, without limitation, that your use is for
the sole purpose of programming logic devices manufactured by
Intel and sold by Intel or its authorized distributors.  Please
refer to the applicable agreement for further details, at
https://fpgasoftware.intel.com/eula.



+-----------------------------------------------------------------------------+
; Analysis & Elaboration Summary                                              ;
+-------------------------------+---------------------------------------------+
; Analysis & Elaboration Status ; Successful - Sun Apr 13 22:17:10 2025       ;
; Quartus Prime Version         ; 20.1.1 Build 720 11/11/2020 SJ Lite Edition ;
; Revision Name                 ; UART                                        ;
; Top-level Entity Name         ; UART                                        ;
; Family                        ; Cyclone V                                   ;
; Logic utilization (in ALMs)   ; N/A until Partition Merge                   ;
; Total registers               ; N/A until Partition Merge                   ;
; Total pins                    ; N/A until Partition Merge                   ;
; Total virtual pins            ; N/A until Partition Merge                   ;
; Total block memory bits       ; N/A until Partition Merge                   ;
; Total PLLs                    ; N/A until Partition Merge                   ;
; Total DLLs                    ; N/A until Partition Merge                   ;
+-------------------------------+---------------------------------------------+


+------------------------------------------+
; Parallel Compilation                     ;
+----------------------------+-------------+
; Processors                 ; Number      ;
+----------------------------+-------------+
; Number detected on machine ; 12          ;
; Maximum allowed            ; 6           ;
;                            ;             ;
; Average used               ; 1.00        ;
; Maximum used               ; 1           ;
;                            ;             ;
; Usage by Processor         ; % Time Used ;
;     Processor 1            ; 100.0%      ;
+----------------------------+-------------+


+----------------------------------------------------------------------------------------------------------------------------------+
; Parameter Settings for User Entity Instance: UART_Rcv:b2v_Receiver|Rcv_BaudCounterStartBitDetector:b2v_BaudCounterStartBitDetect ;
+----------------+-------+---------------------------------------------------------------------------------------------------------+
; Parameter Name ; Value ; Type                                                                                                    ;
+----------------+-------+---------------------------------------------------------------------------------------------------------+
; S0             ; 00    ; Unsigned Binary                                                                                         ;
; S1             ; 01    ; Unsigned Binary                                                                                         ;
; S2             ; 10    ; Unsigned Binary                                                                                         ;
; S3             ; 11    ; Unsigned Binary                                                                                         ;
+----------------+-------+---------------------------------------------------------------------------------------------------------+
Note: In order to hide this table in the UI and the text report file, please set the "Show Parameter Settings in Synthesis Report" option in "Analysis and Synthesis Settings -> More Settings" to "Off".


+---------------------------------------------------------------------------------------------------------+
; Parameter Settings for User Entity Instance: UART_Rcv:b2v_Receiver|Rcv_Controller:b2v_ReceiveController ;
+----------------+-------+--------------------------------------------------------------------------------+
; Parameter Name ; Value ; Type                                                                           ;
+----------------+-------+--------------------------------------------------------------------------------+
; RcvIdle        ; 00    ; Unsigned Binary                                                                ;
; RcvShift       ; 01    ; Unsigned Binary                                                                ;
; RcvParity      ; 10    ; Unsigned Binary                                                                ;
; RcvStop        ; 11    ; Unsigned Binary                                                                ;
+----------------+-------+--------------------------------------------------------------------------------+
Note: In order to hide this table in the UI and the text report file, please set the "Show Parameter Settings in Synthesis Report" option in "Analysis and Synthesis Settings -> More Settings" to "Off".


+----------------------------------------------------------------------------------------------------------+
; Parameter Settings for User Entity Instance: UART_Xmit:b2v_Transmitter|Xmit_mux3:b2v_TxD_MUX|mux3:mux3_0 ;
+----------------+-------+---------------------------------------------------------------------------------+
; Parameter Name ; Value ; Type                                                                            ;
+----------------+-------+---------------------------------------------------------------------------------+
; WIDTH          ; 1     ; Signed Integer                                                                  ;
+----------------+-------+---------------------------------------------------------------------------------+
Note: In order to hide this table in the UI and the text report file, please set the "Show Parameter Settings in Synthesis Report" option in "Analysis and Synthesis Settings -> More Settings" to "Off".


+----------------------------------------------------------------------------------------------------------------------+
; Parameter Settings for User Entity Instance: UART_Xmit:b2v_Transmitter|Xmit_mux3:b2v_TxD_MUX|mux3:mux3_0|mux2:mux2_0 ;
+----------------+-------+---------------------------------------------------------------------------------------------+
; Parameter Name ; Value ; Type                                                                                        ;
+----------------+-------+---------------------------------------------------------------------------------------------+
; WIDTH          ; 1     ; Signed Integer                                                                              ;
+----------------+-------+---------------------------------------------------------------------------------------------+
Note: In order to hide this table in the UI and the text report file, please set the "Show Parameter Settings in Synthesis Report" option in "Analysis and Synthesis Settings -> More Settings" to "Off".


+----------------------------------------------------------------------------------------------------------------------+
; Parameter Settings for User Entity Instance: UART_Xmit:b2v_Transmitter|Xmit_mux3:b2v_TxD_MUX|mux3:mux3_0|mux2:mux2_1 ;
+----------------+-------+---------------------------------------------------------------------------------------------+
; Parameter Name ; Value ; Type                                                                                        ;
+----------------+-------+---------------------------------------------------------------------------------------------+
; WIDTH          ; 1     ; Signed Integer                                                                              ;
+----------------+-------+---------------------------------------------------------------------------------------------+
Note: In order to hide this table in the UI and the text report file, please set the "Show Parameter Settings in Synthesis Report" option in "Analysis and Synthesis Settings -> More Settings" to "Off".


+-----------------------------------------------------------------------------------------------------------+
; Parameter Settings for User Entity Instance: UART_Xmit:b2v_Transmitter|Xmit_Controller:b2v_XmitController ;
+----------------+-------+----------------------------------------------------------------------------------+
; Parameter Name ; Value ; Type                                                                             ;
+----------------+-------+----------------------------------------------------------------------------------+
; TidleS         ; 0     ; Signed Integer                                                                   ;
; TstartS        ; 1     ; Signed Integer                                                                   ;
; TshiftS        ; 2     ; Signed Integer                                                                   ;
; TparityS       ; 3     ; Signed Integer                                                                   ;
; TstopS         ; 4     ; Signed Integer                                                                   ;
+----------------+-------+----------------------------------------------------------------------------------+
Note: In order to hide this table in the UI and the text report file, please set the "Show Parameter Settings in Synthesis Report" option in "Analysis and Synthesis Settings -> More Settings" to "Off".


+---------------------------------------------------------------------------------------------------------------------------+
; Analysis & Elaboration Settings                                                                                           ;
+---------------------------------------------------------------------------------+--------------------+--------------------+
; Option                                                                          ; Setting            ; Default Value      ;
+---------------------------------------------------------------------------------+--------------------+--------------------+
; Device                                                                          ; 5CGXFC7C7F23C8     ;                    ;
; Top-level entity name                                                           ; UART               ; UART               ;
; Family name                                                                     ; Cyclone V          ; Cyclone V          ;
; Use smart compilation                                                           ; Off                ; Off                ;
; Enable parallel Assembler and Timing Analyzer during compilation                ; On                 ; On                 ;
; Enable compact report table                                                     ; Off                ; Off                ;
; Restructure Multiplexers                                                        ; Auto               ; Auto               ;
; MLAB Add Timing Constraints For Mixed-Port Feed-Through Mode Setting Don't Care ; Off                ; Off                ;
; Create Debugging Nodes for IP Cores                                             ; Off                ; Off                ;
; Preserve fewer node names                                                       ; On                 ; On                 ;
; Intel FPGA IP Evaluation Mode                                                   ; Enable             ; Enable             ;
; Verilog Version                                                                 ; Verilog_2001       ; Verilog_2001       ;
; VHDL Version                                                                    ; VHDL_1993          ; VHDL_1993          ;
; State Machine Processing                                                        ; Auto               ; Auto               ;
; Safe State Machine                                                              ; Off                ; Off                ;
; Extract Verilog State Machines                                                  ; On                 ; On                 ;
; Extract VHDL State Machines                                                     ; On                 ; On                 ;
; Ignore Verilog initial constructs                                               ; Off                ; Off                ;
; Iteration limit for constant Verilog loops                                      ; 5000               ; 5000               ;
; Iteration limit for non-constant Verilog loops                                  ; 250                ; 250                ;
; Add Pass-Through Logic to Inferred RAMs                                         ; On                 ; On                 ;
; Infer RAMs from Raw Logic                                                       ; On                 ; On                 ;
; Parallel Synthesis                                                              ; On                 ; On                 ;
; DSP Block Balancing                                                             ; Auto               ; Auto               ;
; NOT Gate Push-Back                                                              ; On                 ; On                 ;
; Power-Up Don't Care                                                             ; On                 ; On                 ;
; Remove Redundant Logic Cells                                                    ; Off                ; Off                ;
; Remove Duplicate Registers                                                      ; On                 ; On                 ;
; Ignore CARRY Buffers                                                            ; Off                ; Off                ;
; Ignore CASCADE Buffers                                                          ; Off                ; Off                ;
; Ignore GLOBAL Buffers                                                           ; Off                ; Off                ;
; Ignore ROW GLOBAL Buffers                                                       ; Off                ; Off                ;
; Ignore LCELL Buffers                                                            ; Off                ; Off                ;
; Ignore SOFT Buffers                                                             ; On                 ; On                 ;
; Limit AHDL Integers to 32 Bits                                                  ; Off                ; Off                ;
; Optimization Technique                                                          ; Balanced           ; Balanced           ;
; Carry Chain Length                                                              ; 70                 ; 70                 ;
; Auto Carry Chains                                                               ; On                 ; On                 ;
; Auto Open-Drain Pins                                                            ; On                 ; On                 ;
; Perform WYSIWYG Primitive Resynthesis                                           ; Off                ; Off                ;
; Auto ROM Replacement                                                            ; On                 ; On                 ;
; Auto RAM Replacement                                                            ; On                 ; On                 ;
; Auto DSP Block Replacement                                                      ; On                 ; On                 ;
; Auto Shift Register Replacement                                                 ; Auto               ; Auto               ;
; Allow Shift Register Merging across Hierarchies                                 ; Auto               ; Auto               ;
; Auto Clock Enable Replacement                                                   ; On                 ; On                 ;
; Strict RAM Replacement                                                          ; Off                ; Off                ;
; Allow Synchronous Control Signals                                               ; On                 ; On                 ;
; Force Use of Synchronous Clear Signals                                          ; Off                ; Off                ;
; Auto Resource Sharing                                                           ; Off                ; Off                ;
; Allow Any RAM Size For Recognition                                              ; Off                ; Off                ;
; Allow Any ROM Size For Recognition                                              ; Off                ; Off                ;
; Allow Any Shift Register Size For Recognition                                   ; Off                ; Off                ;
; Use LogicLock Constraints during Resource Balancing                             ; On                 ; On                 ;
; Ignore translate_off and synthesis_off directives                               ; Off                ; Off                ;
; Timing-Driven Synthesis                                                         ; On                 ; On                 ;
; Report Parameter Settings                                                       ; On                 ; On                 ;
; Report Source Assignments                                                       ; On                 ; On                 ;
; Report Connectivity Checks                                                      ; On                 ; On                 ;
; Ignore Maximum Fan-Out Assignments                                              ; Off                ; Off                ;
; Synchronization Register Chain Length                                           ; 3                  ; 3                  ;
; Power Optimization During Synthesis                                             ; Normal compilation ; Normal compilation ;
; HDL message level                                                               ; Level2             ; Level2             ;
; Suppress Register Optimization Related Messages                                 ; Off                ; Off                ;
; Number of Removed Registers Reported in Synthesis Report                        ; 5000               ; 5000               ;
; Number of Swept Nodes Reported in Synthesis Report                              ; 5000               ; 5000               ;
; Number of Inverted Registers Reported in Synthesis Report                       ; 100                ; 100                ;
; Clock MUX Protection                                                            ; On                 ; On                 ;
; Auto Gated Clock Conversion                                                     ; Off                ; Off                ;
; Block Design Naming                                                             ; Auto               ; Auto               ;
; SDC constraint protection                                                       ; Off                ; Off                ;
; Synthesis Effort                                                                ; Auto               ; Auto               ;
; Shift Register Replacement - Allow Asynchronous Clear Signal                    ; On                 ; On                 ;
; Pre-Mapping Resynthesis Optimization                                            ; Off                ; Off                ;
; Analysis & Synthesis Message Level                                              ; Medium             ; Medium             ;
; Disable Register Merging Across Hierarchies                                     ; Auto               ; Auto               ;
; Resource Aware Inference For Block RAM                                          ; On                 ; On                 ;
; Automatic Parallel Synthesis                                                    ; On                 ; On                 ;
; Partial Reconfiguration Bitstream ID                                            ; Off                ; Off                ;
+---------------------------------------------------------------------------------+--------------------+--------------------+


+-------------------------------------------------------------------------------------------------------------------------------------+
; Port Connectivity Checks: "UART_Xmit:b2v_Transmitter|Xmit_Controller:b2v_XmitController"                                            ;
+------+--------+----------+----------------------------------------------------------------------------------------------------------+
; Port ; Type   ; Severity ; Details                                                                                                  ;
+------+--------+----------+----------------------------------------------------------------------------------------------------------+
; Idle ; Output ; Warning  ; Declared by entity but not connected by instance. Logic that only feeds a dangling port will be removed. ;
; Stop ; Output ; Warning  ; Declared by entity but not connected by instance. Logic that only feeds a dangling port will be removed. ;
+------+--------+----------+----------------------------------------------------------------------------------------------------------+


+---------------------------------------------------------------+
; Port Connectivity Checks: "register_n_tri:b2v_StatusRegister" ;
+----------+-------+----------+---------------------------------+
; Port     ; Type  ; Severity ; Details                         ;
+----------+-------+----------+---------------------------------+
; enable   ; Input ; Info     ; Stuck at VCC                    ;
; D[31..3] ; Input ; Info     ; Stuck at GND                    ;
+----------+-------+----------+---------------------------------+


+-------------------------------------------------------------------------------------------------------------------------------------+
; Port Connectivity Checks: "UART_Rcv:b2v_Receiver|Rcv_Controller:b2v_ReceiveController"                                              ;
+------+--------+----------+----------------------------------------------------------------------------------------------------------+
; Port ; Type   ; Severity ; Details                                                                                                  ;
+------+--------+----------+----------------------------------------------------------------------------------------------------------+
; Stop ; Output ; Warning  ; Declared by entity but not connected by instance. Logic that only feeds a dangling port will be removed. ;
+------+--------+----------+----------------------------------------------------------------------------------------------------------+


+---------------------------------+
; Analysis & Elaboration Messages ;
+---------------------------------+
Info: *******************************************************************
Info: Running Quartus Prime Analysis & Elaboration
    Info: Version 20.1.1 Build 720 11/11/2020 SJ Lite Edition
    Info: Processing started: Sun Apr 13 22:17:03 2025
Info: Command: quartus_map --read_settings_files=on --write_settings_files=off UART -c UART --analysis_and_elaboration
Warning (18236): Number of processors has not been specified which may cause overloading on shared machines.  Set the global assignment NUM_PARALLEL_PROCESSORS in your QSF to an appropriate value for best performance.
Info (20030): Parallel compilation is enabled and will use 6 of the 6 processors detected
Info (12021): Found 1 design units, including 1 entities, in source file uart_baudgen.v
    Info (12023): Found entity 1: UART_BaudGen File: C:/Users/Alex/Desktop/CompArch_/UART/UART_BaudGen.v Line: 1
Info (12021): Found 1 design units, including 1 entities, in source file uart.v
    Info (12023): Found entity 1: UART File: C:/Users/Alex/Desktop/CompArch_/UART/UART.v Line: 1
Info (12021): Found 1 design units, including 1 entities, in source file register_n_tri.v
    Info (12023): Found entity 1: register_n_tri File: C:/Users/Alex/Desktop/CompArch_/UART/register_n_tri.v Line: 1
Info (12021): Found 1 design units, including 1 entities, in source file transmitter/xmit_shiftregister.v
    Info (12023): Found entity 1: Xmit_ShiftRegister File: C:/Users/Alex/Desktop/CompArch_/UART/Transmitter/Xmit_ShiftRegister.v Line: 1
Info (12021): Found 1 design units, including 1 entities, in source file transmitter/xmit_paritygenerator.v
    Info (12023): Found entity 1: Xmit_ParityGenerator File: C:/Users/Alex/Desktop/CompArch_/UART/Transmitter/Xmit_ParityGenerator.v Line: 1
Info (12021): Found 1 design units, including 1 entities, in source file transmitter/xmit_mux3.v
    Info (12023): Found entity 1: Xmit_mux3 File: C:/Users/Alex/Desktop/CompArch_/UART/Transmitter/Xmit_mux3.v Line: 1
Info (12021): Found 1 design units, including 1 entities, in source file transmitter/xmit_controller.v
    Info (12023): Found entity 1: Xmit_Controller File: C:/Users/Alex/Desktop/CompArch_/UART/Transmitter/Xmit_Controller.v Line: 1
Info (12021): Found 1 design units, including 1 entities, in source file transmitter/xmit_bufferregister.v
    Info (12023): Found entity 1: Xmit_BufferRegister File: C:/Users/Alex/Desktop/CompArch_/UART/Transmitter/Xmit_BufferRegister.v Line: 1
Info (12021): Found 1 design units, including 1 entities, in source file transmitter/uart_xmit.v
    Info (12023): Found entity 1: UART_Xmit File: C:/Users/Alex/Desktop/CompArch_/UART/Transmitter/UART_Xmit.v Line: 1
Info (12021): Found 1 design units, including 1 entities, in source file transmitter/mux3.v
    Info (12023): Found entity 1: mux3 File: C:/Users/Alex/Desktop/CompArch_/UART/Transmitter/mux3.v Line: 1
Info (12021): Found 1 design units, including 1 entities, in source file transmitter/mux2.v
    Info (12023): Found entity 1: mux2 File: C:/Users/Alex/Desktop/CompArch_/UART/Transmitter/mux2.v Line: 1
Info (12021): Found 1 design units, including 1 entities, in source file reciever/uart_rcv.v
    Info (12023): Found entity 1: UART_Rcv File: C:/Users/Alex/Desktop/CompArch_/UART/Reciever/UART_Rcv.v Line: 1
Info (12021): Found 1 design units, including 1 entities, in source file reciever/rcv_shiftregister.v
    Info (12023): Found entity 1: Rcv_ShiftRegister File: C:/Users/Alex/Desktop/CompArch_/UART/Reciever/Rcv_ShiftRegister.v Line: 1
Info (12021): Found 1 design units, including 1 entities, in source file reciever/rcv_paritycheck.v
    Info (12023): Found entity 1: Rcv_ParityCheck File: C:/Users/Alex/Desktop/CompArch_/UART/Reciever/Rcv_ParityCheck.v Line: 1
Info (12021): Found 1 design units, including 1 entities, in source file reciever/rcv_controller.v
    Info (12023): Found entity 1: Rcv_Controller File: C:/Users/Alex/Desktop/CompArch_/UART/Reciever/Rcv_Controller.v Line: 1
Info (12021): Found 1 design units, including 1 entities, in source file reciever/rcv_baudcounterstartbitdetector.v
    Info (12023): Found entity 1: Rcv_BaudCounterStartBitDetector File: C:/Users/Alex/Desktop/CompArch_/UART/Reciever/Rcv_BaudCounterStartBitDetector.v Line: 1
Info (12127): Elaborating entity "UART" for the top level hierarchy
Info (12128): Elaborating entity "UART_BaudGen" for hierarchy "UART_BaudGen:b2v_BaudRateGenerator" File: C:/Users/Alex/Desktop/CompArch_/UART/UART.v Line: 32
Info (12128): Elaborating entity "UART_Rcv" for hierarchy "UART_Rcv:b2v_Receiver" File: C:/Users/Alex/Desktop/CompArch_/UART/UART.v Line: 41
Info (12128): Elaborating entity "Rcv_BaudCounterStartBitDetector" for hierarchy "UART_Rcv:b2v_Receiver|Rcv_BaudCounterStartBitDetector:b2v_BaudCounterStartBitDetect" File: C:/Users/Alex/Desktop/CompArch_/UART/Reciever/UART_Rcv.v Line: 24
Info (12128): Elaborating entity "Rcv_ParityCheck" for hierarchy "UART_Rcv:b2v_Receiver|Rcv_ParityCheck:b2v_ParityCheck" File: C:/Users/Alex/Desktop/CompArch_/UART/Reciever/UART_Rcv.v Line: 36
Info (12128): Elaborating entity "Rcv_Controller" for hierarchy "UART_Rcv:b2v_Receiver|Rcv_Controller:b2v_ReceiveController" File: C:/Users/Alex/Desktop/CompArch_/UART/Reciever/UART_Rcv.v Line: 46
Info (12128): Elaborating entity "Rcv_ShiftRegister" for hierarchy "UART_Rcv:b2v_Receiver|Rcv_ShiftRegister:b2v_ShiftRegister" File: C:/Users/Alex/Desktop/CompArch_/UART/Reciever/UART_Rcv.v Line: 58
Warning (10230): Verilog HDL assignment warning at Rcv_ShiftRegister.v(16): truncated value with size 8 to match size of target (7) File: C:/Users/Alex/Desktop/CompArch_/UART/Reciever/Rcv_ShiftRegister.v Line: 16
Info (12128): Elaborating entity "register_n_tri" for hierarchy "register_n_tri:b2v_StatusRegister" File: C:/Users/Alex/Desktop/CompArch_/UART/UART.v Line: 49
Info (12128): Elaborating entity "UART_Xmit" for hierarchy "UART_Xmit:b2v_Transmitter" File: C:/Users/Alex/Desktop/CompArch_/UART/UART.v Line: 57
Info (12128): Elaborating entity "Xmit_ParityGenerator" for hierarchy "UART_Xmit:b2v_Transmitter|Xmit_ParityGenerator:b2v_ParityGenerator" File: C:/Users/Alex/Desktop/CompArch_/UART/Transmitter/UART_Xmit.v Line: 28
Info (12128): Elaborating entity "Xmit_ShiftRegister" for hierarchy "UART_Xmit:b2v_Transmitter|Xmit_ShiftRegister:b2v_ShiftRegister" File: C:/Users/Alex/Desktop/CompArch_/UART/Transmitter/UART_Xmit.v Line: 35
Info (12128): Elaborating entity "Xmit_mux3" for hierarchy "UART_Xmit:b2v_Transmitter|Xmit_mux3:b2v_TxD_MUX" File: C:/Users/Alex/Desktop/CompArch_/UART/Transmitter/UART_Xmit.v Line: 42
Info (12128): Elaborating entity "mux3" for hierarchy "UART_Xmit:b2v_Transmitter|Xmit_mux3:b2v_TxD_MUX|mux3:mux3_0" File: C:/Users/Alex/Desktop/CompArch_/UART/Transmitter/Xmit_mux3.v Line: 10
Info (12128): Elaborating entity "mux2" for hierarchy "UART_Xmit:b2v_Transmitter|Xmit_mux3:b2v_TxD_MUX|mux3:mux3_0|mux2:mux2_0" File: C:/Users/Alex/Desktop/CompArch_/UART/Transmitter/mux3.v Line: 12
Info (12128): Elaborating entity "Xmit_BufferRegister" for hierarchy "UART_Xmit:b2v_Transmitter|Xmit_BufferRegister:b2v_XmitBuffer" File: C:/Users/Alex/Desktop/CompArch_/UART/Transmitter/UART_Xmit.v Line: 47
Info (12128): Elaborating entity "Xmit_Controller" for hierarchy "UART_Xmit:b2v_Transmitter|Xmit_Controller:b2v_XmitController" File: C:/Users/Alex/Desktop/CompArch_/UART/Transmitter/UART_Xmit.v Line: 56
Warning (12241): 2 hierarchies have connectivity warnings - see the Connectivity Checks report folder
Info (144001): Generated suppressed messages file C:/Users/Alex/Desktop/CompArch_/UART/output_files/UART.map.smsg
Info: Quartus Prime Analysis & Elaboration was successful. 0 errors, 3 warnings
    Info: Peak virtual memory: 4765 megabytes
    Info: Processing ended: Sun Apr 13 22:17:10 2025
    Info: Elapsed time: 00:00:07
    Info: Total CPU time (on all processors): 00:00:15


+--------------------------------------------+
; Analysis & Elaboration Suppressed Messages ;
+--------------------------------------------+
The suppressed messages can be found in C:/Users/Alex/Desktop/CompArch_/UART/output_files/UART.map.smsg.


