Analysis & Elaboration report for datapath
Sun Mar 02 13:58:37 2025
Quartus Prime Version 20.1.1 Build 720 11/11/2020 SJ Lite Edition


---------------------
; Table of Contents ;
---------------------
  1. Legal Notice
  2. Analysis & Elaboration Summary
  3. Parallel Compilation
  4. Parameter Settings for User Entity Instance: register_n:b2v_A_register
  5. Parameter Settings for User Entity Instance: ALU:b2v_ALU_0|mux2:AND_OR_mux
  6. Parameter Settings for User Entity Instance: ALU:b2v_ALU_0|mux2:SUM_mux
  7. Parameter Settings for User Entity Instance: ALU:b2v_ALU_0|mux4:XOR_LESS_SLL_SRL_mux
  8. Parameter Settings for User Entity Instance: ALU:b2v_ALU_0|mux4:XOR_LESS_SLL_SRL_mux|mux2:mux2_0
  9. Parameter Settings for User Entity Instance: ALU:b2v_ALU_0|mux4:XOR_LESS_SLL_SRL_mux|mux2:mux2_1
 10. Parameter Settings for User Entity Instance: ALU:b2v_ALU_0|mux4:XOR_LESS_SLL_SRL_mux|mux2:mux2_2
 11. Parameter Settings for User Entity Instance: ALU:b2v_ALU_0|mux2:SRA_uLESS_mux
 12. Parameter Settings for User Entity Instance: ALU:b2v_ALU_0|mux3:result_mux
 13. Parameter Settings for User Entity Instance: ALU:b2v_ALU_0|mux3:result_mux|mux2:mux2_0
 14. Parameter Settings for User Entity Instance: ALU:b2v_ALU_0|mux3:result_mux|mux2:mux2_1
 15. Parameter Settings for User Entity Instance: mux3:b2v_ALUMux
 16. Parameter Settings for User Entity Instance: mux3:b2v_ALUMux|mux2:mux2_0
 17. Parameter Settings for User Entity Instance: mux3:b2v_ALUMux|mux2:mux2_1
 18. Parameter Settings for User Entity Instance: register_n:b2v_ALUOut_register
 19. Parameter Settings for User Entity Instance: register_n:b2v_B_register
 20. Parameter Settings for User Entity Instance: register_n:b2v_Data_register
 21. Parameter Settings for User Entity Instance: mux2:b2v_InstrDataMemoryMux
 22. Parameter Settings for User Entity Instance: register_n:b2v_IR
 23. Parameter Settings for User Entity Instance: register_n:b2v_OldPC_register
 24. Parameter Settings for User Entity Instance: register_n:b2v_PC_register
 25. Parameter Settings for User Entity Instance: constant_32bit:b2v_PCIncrement
 26. Parameter Settings for User Entity Instance: read_data:b2v_ReadData_0|mux4:ByteSelectMux
 27. Parameter Settings for User Entity Instance: read_data:b2v_ReadData_0|mux4:ByteSelectMux|mux2:mux2_0
 28. Parameter Settings for User Entity Instance: read_data:b2v_ReadData_0|mux4:ByteSelectMux|mux2:mux2_1
 29. Parameter Settings for User Entity Instance: read_data:b2v_ReadData_0|mux4:ByteSelectMux|mux2:mux2_2
 30. Parameter Settings for User Entity Instance: read_data:b2v_ReadData_0|mux2:HalfWordSelectMux
 31. Parameter Settings for User Entity Instance: read_data:b2v_ReadData_0|zero_extend:ZeroExtend_Byte
 32. Parameter Settings for User Entity Instance: read_data:b2v_ReadData_0|sign_extend:SignExtend_Byte
 33. Parameter Settings for User Entity Instance: read_data:b2v_ReadData_0|zero_extend:ZeroExtend_Half
 34. Parameter Settings for User Entity Instance: read_data:b2v_ReadData_0|sign_extend:SignExtend_Half
 35. Parameter Settings for User Entity Instance: read_data:b2v_ReadData_0|mux3:ReadDataMuxByte
 36. Parameter Settings for User Entity Instance: read_data:b2v_ReadData_0|mux3:ReadDataMuxByte|mux2:mux2_0
 37. Parameter Settings for User Entity Instance: read_data:b2v_ReadData_0|mux3:ReadDataMuxByte|mux2:mux2_1
 38. Parameter Settings for User Entity Instance: read_data:b2v_ReadData_0|mux2:ReadDataMuxHalf
 39. Parameter Settings for User Entity Instance: read_data:b2v_ReadData_0|mux2:ReadDataMux
 40. Parameter Settings for User Entity Instance: mux4:b2v_SrcAMux
 41. Parameter Settings for User Entity Instance: mux4:b2v_SrcAMux|mux2:mux2_0
 42. Parameter Settings for User Entity Instance: mux4:b2v_SrcAMux|mux2:mux2_1
 43. Parameter Settings for User Entity Instance: mux4:b2v_SrcAMux|mux2:mux2_2
 44. Parameter Settings for User Entity Instance: mux3:b2v_SrcBMux
 45. Parameter Settings for User Entity Instance: mux3:b2v_SrcBMux|mux2:mux2_0
 46. Parameter Settings for User Entity Instance: mux3:b2v_SrcBMux|mux2:mux2_1
 47. Parameter Settings for User Entity Instance: write_data:b2v_WriteData_0|mux4:SelectByteMux
 48. Parameter Settings for User Entity Instance: write_data:b2v_WriteData_0|mux4:SelectByteMux|mux2:mux2_0
 49. Parameter Settings for User Entity Instance: write_data:b2v_WriteData_0|mux4:SelectByteMux|mux2:mux2_1
 50. Parameter Settings for User Entity Instance: write_data:b2v_WriteData_0|mux4:SelectByteMux|mux2:mux2_2
 51. Parameter Settings for User Entity Instance: write_data:b2v_WriteData_0|mux2:SelectHalfMux
 52. Parameter Settings for User Entity Instance: write_data:b2v_WriteData_0|mux2:ByteWordSelectMux
 53. Parameter Settings for User Entity Instance: write_data:b2v_WriteData_0|mux2:WriteDataMux
 54. Parameter Settings for User Entity Instance: constant_32bit:b2v_ZeroForA
 55. Analysis & Elaboration Settings
 56. Port Connectivity Checks: "register_n:b2v_Data_register"
 57. Port Connectivity Checks: "register_n:b2v_ALUOut_register"
 58. Port Connectivity Checks: "ALU:b2v_ALU_0|mux2:SRA_uLESS_mux"
 59. Port Connectivity Checks: "ALU:b2v_ALU_0|mux4:XOR_LESS_SLL_SRL_mux"
 60. Port Connectivity Checks: "register_n:b2v_A_register"
 61. Analysis & Elaboration Messages



----------------
; Legal Notice ;
----------------
Copyright (C) 2020  Intel Corporation. All rights reserved.
Your use of Intel Corporation's design tools, logic functions 
and other software and tools, and any partner logic 
functions, and any output files from any of the foregoing 
(including device programming or simulation files), and any 
associated documentation or information are expressly subject 
to the terms and conditions of the Intel Program License 
Subscription Agreement, the Intel Quartus Prime License Agreement,
the Intel FPGA IP License Agreement, or other applicable license
agreement, including, without limitation, that your use is for
the sole purpose of programming logic devices manufactured by
Intel and sold by Intel or its authorized distributors.  Please
refer to the applicable agreement for further details, at
https://fpgasoftware.intel.com/eula.



+-----------------------------------------------------------------------------+
; Analysis & Elaboration Summary                                              ;
+-------------------------------+---------------------------------------------+
; Analysis & Elaboration Status ; Successful - Sun Mar 02 13:58:37 2025       ;
; Quartus Prime Version         ; 20.1.1 Build 720 11/11/2020 SJ Lite Edition ;
; Revision Name                 ; datapath                                    ;
; Top-level Entity Name         ; datapath                                    ;
; Family                        ; Cyclone V                                   ;
; Logic utilization (in ALMs)   ; N/A until Partition Merge                   ;
; Total registers               ; N/A until Partition Merge                   ;
; Total pins                    ; N/A until Partition Merge                   ;
; Total virtual pins            ; N/A until Partition Merge                   ;
; Total block memory bits       ; N/A until Partition Merge                   ;
; Total PLLs                    ; N/A until Partition Merge                   ;
; Total DLLs                    ; N/A until Partition Merge                   ;
+-------------------------------+---------------------------------------------+


+------------------------------------------+
; Parallel Compilation                     ;
+----------------------------+-------------+
; Processors                 ; Number      ;
+----------------------------+-------------+
; Number detected on machine ; 12          ;
; Maximum allowed            ; 6           ;
;                            ;             ;
; Average used               ; 1.00        ;
; Maximum used               ; 1           ;
;                            ;             ;
; Usage by Processor         ; % Time Used ;
;     Processor 1            ; 100.0%      ;
+----------------------------+-------------+


+------------------------------------------------------------------------+
; Parameter Settings for User Entity Instance: register_n:b2v_A_register ;
+----------------+-------+-----------------------------------------------+
; Parameter Name ; Value ; Type                                          ;
+----------------+-------+-----------------------------------------------+
; WIDTH          ; 32    ; Signed Integer                                ;
+----------------+-------+-----------------------------------------------+
Note: In order to hide this table in the UI and the text report file, please set the "Show Parameter Settings in Synthesis Report" option in "Analysis and Synthesis Settings -> More Settings" to "Off".


+----------------------------------------------------------------------------+
; Parameter Settings for User Entity Instance: ALU:b2v_ALU_0|mux2:AND_OR_mux ;
+----------------+-------+---------------------------------------------------+
; Parameter Name ; Value ; Type                                              ;
+----------------+-------+---------------------------------------------------+
; WIDTH          ; 32    ; Signed Integer                                    ;
+----------------+-------+---------------------------------------------------+
Note: In order to hide this table in the UI and the text report file, please set the "Show Parameter Settings in Synthesis Report" option in "Analysis and Synthesis Settings -> More Settings" to "Off".


+-------------------------------------------------------------------------+
; Parameter Settings for User Entity Instance: ALU:b2v_ALU_0|mux2:SUM_mux ;
+----------------+-------+------------------------------------------------+
; Parameter Name ; Value ; Type                                           ;
+----------------+-------+------------------------------------------------+
; WIDTH          ; 32    ; Signed Integer                                 ;
+----------------+-------+------------------------------------------------+
Note: In order to hide this table in the UI and the text report file, please set the "Show Parameter Settings in Synthesis Report" option in "Analysis and Synthesis Settings -> More Settings" to "Off".


+--------------------------------------------------------------------------------------+
; Parameter Settings for User Entity Instance: ALU:b2v_ALU_0|mux4:XOR_LESS_SLL_SRL_mux ;
+----------------+-------+-------------------------------------------------------------+
; Parameter Name ; Value ; Type                                                        ;
+----------------+-------+-------------------------------------------------------------+
; WIDTH          ; 32    ; Signed Integer                                              ;
+----------------+-------+-------------------------------------------------------------+
Note: In order to hide this table in the UI and the text report file, please set the "Show Parameter Settings in Synthesis Report" option in "Analysis and Synthesis Settings -> More Settings" to "Off".


+--------------------------------------------------------------------------------------------------+
; Parameter Settings for User Entity Instance: ALU:b2v_ALU_0|mux4:XOR_LESS_SLL_SRL_mux|mux2:mux2_0 ;
+----------------+-------+-------------------------------------------------------------------------+
; Parameter Name ; Value ; Type                                                                    ;
+----------------+-------+-------------------------------------------------------------------------+
; WIDTH          ; 32    ; Signed Integer                                                          ;
+----------------+-------+-------------------------------------------------------------------------+
Note: In order to hide this table in the UI and the text report file, please set the "Show Parameter Settings in Synthesis Report" option in "Analysis and Synthesis Settings -> More Settings" to "Off".


+--------------------------------------------------------------------------------------------------+
; Parameter Settings for User Entity Instance: ALU:b2v_ALU_0|mux4:XOR_LESS_SLL_SRL_mux|mux2:mux2_1 ;
+----------------+-------+-------------------------------------------------------------------------+
; Parameter Name ; Value ; Type                                                                    ;
+----------------+-------+-------------------------------------------------------------------------+
; WIDTH          ; 32    ; Signed Integer                                                          ;
+----------------+-------+-------------------------------------------------------------------------+
Note: In order to hide this table in the UI and the text report file, please set the "Show Parameter Settings in Synthesis Report" option in "Analysis and Synthesis Settings -> More Settings" to "Off".


+--------------------------------------------------------------------------------------------------+
; Parameter Settings for User Entity Instance: ALU:b2v_ALU_0|mux4:XOR_LESS_SLL_SRL_mux|mux2:mux2_2 ;
+----------------+-------+-------------------------------------------------------------------------+
; Parameter Name ; Value ; Type                                                                    ;
+----------------+-------+-------------------------------------------------------------------------+
; WIDTH          ; 32    ; Signed Integer                                                          ;
+----------------+-------+-------------------------------------------------------------------------+
Note: In order to hide this table in the UI and the text report file, please set the "Show Parameter Settings in Synthesis Report" option in "Analysis and Synthesis Settings -> More Settings" to "Off".


+-------------------------------------------------------------------------------+
; Parameter Settings for User Entity Instance: ALU:b2v_ALU_0|mux2:SRA_uLESS_mux ;
+----------------+-------+------------------------------------------------------+
; Parameter Name ; Value ; Type                                                 ;
+----------------+-------+------------------------------------------------------+
; WIDTH          ; 32    ; Signed Integer                                       ;
+----------------+-------+------------------------------------------------------+
Note: In order to hide this table in the UI and the text report file, please set the "Show Parameter Settings in Synthesis Report" option in "Analysis and Synthesis Settings -> More Settings" to "Off".


+----------------------------------------------------------------------------+
; Parameter Settings for User Entity Instance: ALU:b2v_ALU_0|mux3:result_mux ;
+----------------+-------+---------------------------------------------------+
; Parameter Name ; Value ; Type                                              ;
+----------------+-------+---------------------------------------------------+
; WIDTH          ; 32    ; Signed Integer                                    ;
+----------------+-------+---------------------------------------------------+
Note: In order to hide this table in the UI and the text report file, please set the "Show Parameter Settings in Synthesis Report" option in "Analysis and Synthesis Settings -> More Settings" to "Off".


+----------------------------------------------------------------------------------------+
; Parameter Settings for User Entity Instance: ALU:b2v_ALU_0|mux3:result_mux|mux2:mux2_0 ;
+----------------+-------+---------------------------------------------------------------+
; Parameter Name ; Value ; Type                                                          ;
+----------------+-------+---------------------------------------------------------------+
; WIDTH          ; 32    ; Signed Integer                                                ;
+----------------+-------+---------------------------------------------------------------+
Note: In order to hide this table in the UI and the text report file, please set the "Show Parameter Settings in Synthesis Report" option in "Analysis and Synthesis Settings -> More Settings" to "Off".


+----------------------------------------------------------------------------------------+
; Parameter Settings for User Entity Instance: ALU:b2v_ALU_0|mux3:result_mux|mux2:mux2_1 ;
+----------------+-------+---------------------------------------------------------------+
; Parameter Name ; Value ; Type                                                          ;
+----------------+-------+---------------------------------------------------------------+
; WIDTH          ; 32    ; Signed Integer                                                ;
+----------------+-------+---------------------------------------------------------------+
Note: In order to hide this table in the UI and the text report file, please set the "Show Parameter Settings in Synthesis Report" option in "Analysis and Synthesis Settings -> More Settings" to "Off".


+--------------------------------------------------------------+
; Parameter Settings for User Entity Instance: mux3:b2v_ALUMux ;
+----------------+-------+-------------------------------------+
; Parameter Name ; Value ; Type                                ;
+----------------+-------+-------------------------------------+
; WIDTH          ; 32    ; Signed Integer                      ;
+----------------+-------+-------------------------------------+
Note: In order to hide this table in the UI and the text report file, please set the "Show Parameter Settings in Synthesis Report" option in "Analysis and Synthesis Settings -> More Settings" to "Off".


+--------------------------------------------------------------------------+
; Parameter Settings for User Entity Instance: mux3:b2v_ALUMux|mux2:mux2_0 ;
+----------------+-------+-------------------------------------------------+
; Parameter Name ; Value ; Type                                            ;
+----------------+-------+-------------------------------------------------+
; WIDTH          ; 32    ; Signed Integer                                  ;
+----------------+-------+-------------------------------------------------+
Note: In order to hide this table in the UI and the text report file, please set the "Show Parameter Settings in Synthesis Report" option in "Analysis and Synthesis Settings -> More Settings" to "Off".


+--------------------------------------------------------------------------+
; Parameter Settings for User Entity Instance: mux3:b2v_ALUMux|mux2:mux2_1 ;
+----------------+-------+-------------------------------------------------+
; Parameter Name ; Value ; Type                                            ;
+----------------+-------+-------------------------------------------------+
; WIDTH          ; 32    ; Signed Integer                                  ;
+----------------+-------+-------------------------------------------------+
Note: In order to hide this table in the UI and the text report file, please set the "Show Parameter Settings in Synthesis Report" option in "Analysis and Synthesis Settings -> More Settings" to "Off".


+-----------------------------------------------------------------------------+
; Parameter Settings for User Entity Instance: register_n:b2v_ALUOut_register ;
+----------------+-------+----------------------------------------------------+
; Parameter Name ; Value ; Type                                               ;
+----------------+-------+----------------------------------------------------+
; WIDTH          ; 32    ; Signed Integer                                     ;
+----------------+-------+----------------------------------------------------+
Note: In order to hide this table in the UI and the text report file, please set the "Show Parameter Settings in Synthesis Report" option in "Analysis and Synthesis Settings -> More Settings" to "Off".


+------------------------------------------------------------------------+
; Parameter Settings for User Entity Instance: register_n:b2v_B_register ;
+----------------+-------+-----------------------------------------------+
; Parameter Name ; Value ; Type                                          ;
+----------------+-------+-----------------------------------------------+
; WIDTH          ; 32    ; Signed Integer                                ;
+----------------+-------+-----------------------------------------------+
Note: In order to hide this table in the UI and the text report file, please set the "Show Parameter Settings in Synthesis Report" option in "Analysis and Synthesis Settings -> More Settings" to "Off".


+---------------------------------------------------------------------------+
; Parameter Settings for User Entity Instance: register_n:b2v_Data_register ;
+----------------+-------+--------------------------------------------------+
; Parameter Name ; Value ; Type                                             ;
+----------------+-------+--------------------------------------------------+
; WIDTH          ; 32    ; Signed Integer                                   ;
+----------------+-------+--------------------------------------------------+
Note: In order to hide this table in the UI and the text report file, please set the "Show Parameter Settings in Synthesis Report" option in "Analysis and Synthesis Settings -> More Settings" to "Off".


+--------------------------------------------------------------------------+
; Parameter Settings for User Entity Instance: mux2:b2v_InstrDataMemoryMux ;
+----------------+-------+-------------------------------------------------+
; Parameter Name ; Value ; Type                                            ;
+----------------+-------+-------------------------------------------------+
; WIDTH          ; 32    ; Signed Integer                                  ;
+----------------+-------+-------------------------------------------------+
Note: In order to hide this table in the UI and the text report file, please set the "Show Parameter Settings in Synthesis Report" option in "Analysis and Synthesis Settings -> More Settings" to "Off".


+----------------------------------------------------------------+
; Parameter Settings for User Entity Instance: register_n:b2v_IR ;
+----------------+-------+---------------------------------------+
; Parameter Name ; Value ; Type                                  ;
+----------------+-------+---------------------------------------+
; WIDTH          ; 32    ; Signed Integer                        ;
+----------------+-------+---------------------------------------+
Note: In order to hide this table in the UI and the text report file, please set the "Show Parameter Settings in Synthesis Report" option in "Analysis and Synthesis Settings -> More Settings" to "Off".


+----------------------------------------------------------------------------+
; Parameter Settings for User Entity Instance: register_n:b2v_OldPC_register ;
+----------------+-------+---------------------------------------------------+
; Parameter Name ; Value ; Type                                              ;
+----------------+-------+---------------------------------------------------+
; WIDTH          ; 32    ; Signed Integer                                    ;
+----------------+-------+---------------------------------------------------+
Note: In order to hide this table in the UI and the text report file, please set the "Show Parameter Settings in Synthesis Report" option in "Analysis and Synthesis Settings -> More Settings" to "Off".


+-------------------------------------------------------------------------+
; Parameter Settings for User Entity Instance: register_n:b2v_PC_register ;
+----------------+-------+------------------------------------------------+
; Parameter Name ; Value ; Type                                           ;
+----------------+-------+------------------------------------------------+
; WIDTH          ; 32    ; Signed Integer                                 ;
+----------------+-------+------------------------------------------------+
Note: In order to hide this table in the UI and the text report file, please set the "Show Parameter Settings in Synthesis Report" option in "Analysis and Synthesis Settings -> More Settings" to "Off".


+-----------------------------------------------------------------------------+
; Parameter Settings for User Entity Instance: constant_32bit:b2v_PCIncrement ;
+----------------+-------+----------------------------------------------------+
; Parameter Name ; Value ; Type                                               ;
+----------------+-------+----------------------------------------------------+
; value          ; 4     ; Signed Integer                                     ;
+----------------+-------+----------------------------------------------------+
Note: In order to hide this table in the UI and the text report file, please set the "Show Parameter Settings in Synthesis Report" option in "Analysis and Synthesis Settings -> More Settings" to "Off".


+------------------------------------------------------------------------------------------+
; Parameter Settings for User Entity Instance: read_data:b2v_ReadData_0|mux4:ByteSelectMux ;
+----------------+-------+-----------------------------------------------------------------+
; Parameter Name ; Value ; Type                                                            ;
+----------------+-------+-----------------------------------------------------------------+
; WIDTH          ; 8     ; Signed Integer                                                  ;
+----------------+-------+-----------------------------------------------------------------+
Note: In order to hide this table in the UI and the text report file, please set the "Show Parameter Settings in Synthesis Report" option in "Analysis and Synthesis Settings -> More Settings" to "Off".


+------------------------------------------------------------------------------------------------------+
; Parameter Settings for User Entity Instance: read_data:b2v_ReadData_0|mux4:ByteSelectMux|mux2:mux2_0 ;
+----------------+-------+-----------------------------------------------------------------------------+
; Parameter Name ; Value ; Type                                                                        ;
+----------------+-------+-----------------------------------------------------------------------------+
; WIDTH          ; 8     ; Signed Integer                                                              ;
+----------------+-------+-----------------------------------------------------------------------------+
Note: In order to hide this table in the UI and the text report file, please set the "Show Parameter Settings in Synthesis Report" option in "Analysis and Synthesis Settings -> More Settings" to "Off".


+------------------------------------------------------------------------------------------------------+
; Parameter Settings for User Entity Instance: read_data:b2v_ReadData_0|mux4:ByteSelectMux|mux2:mux2_1 ;
+----------------+-------+-----------------------------------------------------------------------------+
; Parameter Name ; Value ; Type                                                                        ;
+----------------+-------+-----------------------------------------------------------------------------+
; WIDTH          ; 8     ; Signed Integer                                                              ;
+----------------+-------+-----------------------------------------------------------------------------+
Note: In order to hide this table in the UI and the text report file, please set the "Show Parameter Settings in Synthesis Report" option in "Analysis and Synthesis Settings -> More Settings" to "Off".


+------------------------------------------------------------------------------------------------------+
; Parameter Settings for User Entity Instance: read_data:b2v_ReadData_0|mux4:ByteSelectMux|mux2:mux2_2 ;
+----------------+-------+-----------------------------------------------------------------------------+
; Parameter Name ; Value ; Type                                                                        ;
+----------------+-------+-----------------------------------------------------------------------------+
; WIDTH          ; 8     ; Signed Integer                                                              ;
+----------------+-------+-----------------------------------------------------------------------------+
Note: In order to hide this table in the UI and the text report file, please set the "Show Parameter Settings in Synthesis Report" option in "Analysis and Synthesis Settings -> More Settings" to "Off".


+----------------------------------------------------------------------------------------------+
; Parameter Settings for User Entity Instance: read_data:b2v_ReadData_0|mux2:HalfWordSelectMux ;
+----------------+-------+---------------------------------------------------------------------+
; Parameter Name ; Value ; Type                                                                ;
+----------------+-------+---------------------------------------------------------------------+
; WIDTH          ; 16    ; Signed Integer                                                      ;
+----------------+-------+---------------------------------------------------------------------+
Note: In order to hide this table in the UI and the text report file, please set the "Show Parameter Settings in Synthesis Report" option in "Analysis and Synthesis Settings -> More Settings" to "Off".


+---------------------------------------------------------------------------------------------------+
; Parameter Settings for User Entity Instance: read_data:b2v_ReadData_0|zero_extend:ZeroExtend_Byte ;
+----------------+-------+--------------------------------------------------------------------------+
; Parameter Name ; Value ; Type                                                                     ;
+----------------+-------+--------------------------------------------------------------------------+
; WIDTH          ; 8     ; Signed Integer                                                           ;
; ZEROS          ; 24    ; Signed Integer                                                           ;
+----------------+-------+--------------------------------------------------------------------------+
Note: In order to hide this table in the UI and the text report file, please set the "Show Parameter Settings in Synthesis Report" option in "Analysis and Synthesis Settings -> More Settings" to "Off".


+---------------------------------------------------------------------------------------------------+
; Parameter Settings for User Entity Instance: read_data:b2v_ReadData_0|sign_extend:SignExtend_Byte ;
+----------------+-------+--------------------------------------------------------------------------+
; Parameter Name ; Value ; Type                                                                     ;
+----------------+-------+--------------------------------------------------------------------------+
; WIDTH          ; 8     ; Signed Integer                                                           ;
; SIGNS          ; 24    ; Signed Integer                                                           ;
+----------------+-------+--------------------------------------------------------------------------+
Note: In order to hide this table in the UI and the text report file, please set the "Show Parameter Settings in Synthesis Report" option in "Analysis and Synthesis Settings -> More Settings" to "Off".


+---------------------------------------------------------------------------------------------------+
; Parameter Settings for User Entity Instance: read_data:b2v_ReadData_0|zero_extend:ZeroExtend_Half ;
+----------------+-------+--------------------------------------------------------------------------+
; Parameter Name ; Value ; Type                                                                     ;
+----------------+-------+--------------------------------------------------------------------------+
; WIDTH          ; 16    ; Signed Integer                                                           ;
; ZEROS          ; 16    ; Signed Integer                                                           ;
+----------------+-------+--------------------------------------------------------------------------+
Note: In order to hide this table in the UI and the text report file, please set the "Show Parameter Settings in Synthesis Report" option in "Analysis and Synthesis Settings -> More Settings" to "Off".


+---------------------------------------------------------------------------------------------------+
; Parameter Settings for User Entity Instance: read_data:b2v_ReadData_0|sign_extend:SignExtend_Half ;
+----------------+-------+--------------------------------------------------------------------------+
; Parameter Name ; Value ; Type                                                                     ;
+----------------+-------+--------------------------------------------------------------------------+
; WIDTH          ; 16    ; Signed Integer                                                           ;
; SIGNS          ; 16    ; Signed Integer                                                           ;
+----------------+-------+--------------------------------------------------------------------------+
Note: In order to hide this table in the UI and the text report file, please set the "Show Parameter Settings in Synthesis Report" option in "Analysis and Synthesis Settings -> More Settings" to "Off".


+--------------------------------------------------------------------------------------------+
; Parameter Settings for User Entity Instance: read_data:b2v_ReadData_0|mux3:ReadDataMuxByte ;
+----------------+-------+-------------------------------------------------------------------+
; Parameter Name ; Value ; Type                                                              ;
+----------------+-------+-------------------------------------------------------------------+
; WIDTH          ; 32    ; Signed Integer                                                    ;
+----------------+-------+-------------------------------------------------------------------+
Note: In order to hide this table in the UI and the text report file, please set the "Show Parameter Settings in Synthesis Report" option in "Analysis and Synthesis Settings -> More Settings" to "Off".


+--------------------------------------------------------------------------------------------------------+
; Parameter Settings for User Entity Instance: read_data:b2v_ReadData_0|mux3:ReadDataMuxByte|mux2:mux2_0 ;
+----------------+-------+-------------------------------------------------------------------------------+
; Parameter Name ; Value ; Type                                                                          ;
+----------------+-------+-------------------------------------------------------------------------------+
; WIDTH          ; 32    ; Signed Integer                                                                ;
+----------------+-------+-------------------------------------------------------------------------------+
Note: In order to hide this table in the UI and the text report file, please set the "Show Parameter Settings in Synthesis Report" option in "Analysis and Synthesis Settings -> More Settings" to "Off".


+--------------------------------------------------------------------------------------------------------+
; Parameter Settings for User Entity Instance: read_data:b2v_ReadData_0|mux3:ReadDataMuxByte|mux2:mux2_1 ;
+----------------+-------+-------------------------------------------------------------------------------+
; Parameter Name ; Value ; Type                                                                          ;
+----------------+-------+-------------------------------------------------------------------------------+
; WIDTH          ; 32    ; Signed Integer                                                                ;
+----------------+-------+-------------------------------------------------------------------------------+
Note: In order to hide this table in the UI and the text report file, please set the "Show Parameter Settings in Synthesis Report" option in "Analysis and Synthesis Settings -> More Settings" to "Off".


+--------------------------------------------------------------------------------------------+
; Parameter Settings for User Entity Instance: read_data:b2v_ReadData_0|mux2:ReadDataMuxHalf ;
+----------------+-------+-------------------------------------------------------------------+
; Parameter Name ; Value ; Type                                                              ;
+----------------+-------+-------------------------------------------------------------------+
; WIDTH          ; 32    ; Signed Integer                                                    ;
+----------------+-------+-------------------------------------------------------------------+
Note: In order to hide this table in the UI and the text report file, please set the "Show Parameter Settings in Synthesis Report" option in "Analysis and Synthesis Settings -> More Settings" to "Off".


+----------------------------------------------------------------------------------------+
; Parameter Settings for User Entity Instance: read_data:b2v_ReadData_0|mux2:ReadDataMux ;
+----------------+-------+---------------------------------------------------------------+
; Parameter Name ; Value ; Type                                                          ;
+----------------+-------+---------------------------------------------------------------+
; WIDTH          ; 32    ; Signed Integer                                                ;
+----------------+-------+---------------------------------------------------------------+
Note: In order to hide this table in the UI and the text report file, please set the "Show Parameter Settings in Synthesis Report" option in "Analysis and Synthesis Settings -> More Settings" to "Off".


+---------------------------------------------------------------+
; Parameter Settings for User Entity Instance: mux4:b2v_SrcAMux ;
+----------------+-------+--------------------------------------+
; Parameter Name ; Value ; Type                                 ;
+----------------+-------+--------------------------------------+
; WIDTH          ; 32    ; Signed Integer                       ;
+----------------+-------+--------------------------------------+
Note: In order to hide this table in the UI and the text report file, please set the "Show Parameter Settings in Synthesis Report" option in "Analysis and Synthesis Settings -> More Settings" to "Off".


+---------------------------------------------------------------------------+
; Parameter Settings for User Entity Instance: mux4:b2v_SrcAMux|mux2:mux2_0 ;
+----------------+-------+--------------------------------------------------+
; Parameter Name ; Value ; Type                                             ;
+----------------+-------+--------------------------------------------------+
; WIDTH          ; 32    ; Signed Integer                                   ;
+----------------+-------+--------------------------------------------------+
Note: In order to hide this table in the UI and the text report file, please set the "Show Parameter Settings in Synthesis Report" option in "Analysis and Synthesis Settings -> More Settings" to "Off".


+---------------------------------------------------------------------------+
; Parameter Settings for User Entity Instance: mux4:b2v_SrcAMux|mux2:mux2_1 ;
+----------------+-------+--------------------------------------------------+
; Parameter Name ; Value ; Type                                             ;
+----------------+-------+--------------------------------------------------+
; WIDTH          ; 32    ; Signed Integer                                   ;
+----------------+-------+--------------------------------------------------+
Note: In order to hide this table in the UI and the text report file, please set the "Show Parameter Settings in Synthesis Report" option in "Analysis and Synthesis Settings -> More Settings" to "Off".


+---------------------------------------------------------------------------+
; Parameter Settings for User Entity Instance: mux4:b2v_SrcAMux|mux2:mux2_2 ;
+----------------+-------+--------------------------------------------------+
; Parameter Name ; Value ; Type                                             ;
+----------------+-------+--------------------------------------------------+
; WIDTH          ; 32    ; Signed Integer                                   ;
+----------------+-------+--------------------------------------------------+
Note: In order to hide this table in the UI and the text report file, please set the "Show Parameter Settings in Synthesis Report" option in "Analysis and Synthesis Settings -> More Settings" to "Off".


+---------------------------------------------------------------+
; Parameter Settings for User Entity Instance: mux3:b2v_SrcBMux ;
+----------------+-------+--------------------------------------+
; Parameter Name ; Value ; Type                                 ;
+----------------+-------+--------------------------------------+
; WIDTH          ; 32    ; Signed Integer                       ;
+----------------+-------+--------------------------------------+
Note: In order to hide this table in the UI and the text report file, please set the "Show Parameter Settings in Synthesis Report" option in "Analysis and Synthesis Settings -> More Settings" to "Off".


+---------------------------------------------------------------------------+
; Parameter Settings for User Entity Instance: mux3:b2v_SrcBMux|mux2:mux2_0 ;
+----------------+-------+--------------------------------------------------+
; Parameter Name ; Value ; Type                                             ;
+----------------+-------+--------------------------------------------------+
; WIDTH          ; 32    ; Signed Integer                                   ;
+----------------+-------+--------------------------------------------------+
Note: In order to hide this table in the UI and the text report file, please set the "Show Parameter Settings in Synthesis Report" option in "Analysis and Synthesis Settings -> More Settings" to "Off".


+---------------------------------------------------------------------------+
; Parameter Settings for User Entity Instance: mux3:b2v_SrcBMux|mux2:mux2_1 ;
+----------------+-------+--------------------------------------------------+
; Parameter Name ; Value ; Type                                             ;
+----------------+-------+--------------------------------------------------+
; WIDTH          ; 32    ; Signed Integer                                   ;
+----------------+-------+--------------------------------------------------+
Note: In order to hide this table in the UI and the text report file, please set the "Show Parameter Settings in Synthesis Report" option in "Analysis and Synthesis Settings -> More Settings" to "Off".


+--------------------------------------------------------------------------------------------+
; Parameter Settings for User Entity Instance: write_data:b2v_WriteData_0|mux4:SelectByteMux ;
+----------------+-------+-------------------------------------------------------------------+
; Parameter Name ; Value ; Type                                                              ;
+----------------+-------+-------------------------------------------------------------------+
; WIDTH          ; 32    ; Signed Integer                                                    ;
+----------------+-------+-------------------------------------------------------------------+
Note: In order to hide this table in the UI and the text report file, please set the "Show Parameter Settings in Synthesis Report" option in "Analysis and Synthesis Settings -> More Settings" to "Off".


+--------------------------------------------------------------------------------------------------------+
; Parameter Settings for User Entity Instance: write_data:b2v_WriteData_0|mux4:SelectByteMux|mux2:mux2_0 ;
+----------------+-------+-------------------------------------------------------------------------------+
; Parameter Name ; Value ; Type                                                                          ;
+----------------+-------+-------------------------------------------------------------------------------+
; WIDTH          ; 32    ; Signed Integer                                                                ;
+----------------+-------+-------------------------------------------------------------------------------+
Note: In order to hide this table in the UI and the text report file, please set the "Show Parameter Settings in Synthesis Report" option in "Analysis and Synthesis Settings -> More Settings" to "Off".


+--------------------------------------------------------------------------------------------------------+
; Parameter Settings for User Entity Instance: write_data:b2v_WriteData_0|mux4:SelectByteMux|mux2:mux2_1 ;
+----------------+-------+-------------------------------------------------------------------------------+
; Parameter Name ; Value ; Type                                                                          ;
+----------------+-------+-------------------------------------------------------------------------------+
; WIDTH          ; 32    ; Signed Integer                                                                ;
+----------------+-------+-------------------------------------------------------------------------------+
Note: In order to hide this table in the UI and the text report file, please set the "Show Parameter Settings in Synthesis Report" option in "Analysis and Synthesis Settings -> More Settings" to "Off".


+--------------------------------------------------------------------------------------------------------+
; Parameter Settings for User Entity Instance: write_data:b2v_WriteData_0|mux4:SelectByteMux|mux2:mux2_2 ;
+----------------+-------+-------------------------------------------------------------------------------+
; Parameter Name ; Value ; Type                                                                          ;
+----------------+-------+-------------------------------------------------------------------------------+
; WIDTH          ; 32    ; Signed Integer                                                                ;
+----------------+-------+-------------------------------------------------------------------------------+
Note: In order to hide this table in the UI and the text report file, please set the "Show Parameter Settings in Synthesis Report" option in "Analysis and Synthesis Settings -> More Settings" to "Off".


+--------------------------------------------------------------------------------------------+
; Parameter Settings for User Entity Instance: write_data:b2v_WriteData_0|mux2:SelectHalfMux ;
+----------------+-------+-------------------------------------------------------------------+
; Parameter Name ; Value ; Type                                                              ;
+----------------+-------+-------------------------------------------------------------------+
; WIDTH          ; 32    ; Signed Integer                                                    ;
+----------------+-------+-------------------------------------------------------------------+
Note: In order to hide this table in the UI and the text report file, please set the "Show Parameter Settings in Synthesis Report" option in "Analysis and Synthesis Settings -> More Settings" to "Off".


+------------------------------------------------------------------------------------------------+
; Parameter Settings for User Entity Instance: write_data:b2v_WriteData_0|mux2:ByteWordSelectMux ;
+----------------+-------+-----------------------------------------------------------------------+
; Parameter Name ; Value ; Type                                                                  ;
+----------------+-------+-----------------------------------------------------------------------+
; WIDTH          ; 32    ; Signed Integer                                                        ;
+----------------+-------+-----------------------------------------------------------------------+
Note: In order to hide this table in the UI and the text report file, please set the "Show Parameter Settings in Synthesis Report" option in "Analysis and Synthesis Settings -> More Settings" to "Off".


+-------------------------------------------------------------------------------------------+
; Parameter Settings for User Entity Instance: write_data:b2v_WriteData_0|mux2:WriteDataMux ;
+----------------+-------+------------------------------------------------------------------+
; Parameter Name ; Value ; Type                                                             ;
+----------------+-------+------------------------------------------------------------------+
; WIDTH          ; 32    ; Signed Integer                                                   ;
+----------------+-------+------------------------------------------------------------------+
Note: In order to hide this table in the UI and the text report file, please set the "Show Parameter Settings in Synthesis Report" option in "Analysis and Synthesis Settings -> More Settings" to "Off".


+--------------------------------------------------------------------------+
; Parameter Settings for User Entity Instance: constant_32bit:b2v_ZeroForA ;
+----------------+-------+-------------------------------------------------+
; Parameter Name ; Value ; Type                                            ;
+----------------+-------+-------------------------------------------------+
; value          ; 0     ; Signed Integer                                  ;
+----------------+-------+-------------------------------------------------+
Note: In order to hide this table in the UI and the text report file, please set the "Show Parameter Settings in Synthesis Report" option in "Analysis and Synthesis Settings -> More Settings" to "Off".


+---------------------------------------------------------------------------------------------------------------------------+
; Analysis & Elaboration Settings                                                                                           ;
+---------------------------------------------------------------------------------+--------------------+--------------------+
; Option                                                                          ; Setting            ; Default Value      ;
+---------------------------------------------------------------------------------+--------------------+--------------------+
; Device                                                                          ; 5CGXFC7C7F23C8     ;                    ;
; Top-level entity name                                                           ; datapath           ; datapath           ;
; Family name                                                                     ; Cyclone V          ; Cyclone V          ;
; Use smart compilation                                                           ; Off                ; Off                ;
; Enable parallel Assembler and Timing Analyzer during compilation                ; On                 ; On                 ;
; Enable compact report table                                                     ; Off                ; Off                ;
; Restructure Multiplexers                                                        ; Auto               ; Auto               ;
; MLAB Add Timing Constraints For Mixed-Port Feed-Through Mode Setting Don't Care ; Off                ; Off                ;
; Create Debugging Nodes for IP Cores                                             ; Off                ; Off                ;
; Preserve fewer node names                                                       ; On                 ; On                 ;
; Intel FPGA IP Evaluation Mode                                                   ; Enable             ; Enable             ;
; Verilog Version                                                                 ; Verilog_2001       ; Verilog_2001       ;
; VHDL Version                                                                    ; VHDL_1993          ; VHDL_1993          ;
; State Machine Processing                                                        ; Auto               ; Auto               ;
; Safe State Machine                                                              ; Off                ; Off                ;
; Extract Verilog State Machines                                                  ; On                 ; On                 ;
; Extract VHDL State Machines                                                     ; On                 ; On                 ;
; Ignore Verilog initial constructs                                               ; Off                ; Off                ;
; Iteration limit for constant Verilog loops                                      ; 5000               ; 5000               ;
; Iteration limit for non-constant Verilog loops                                  ; 250                ; 250                ;
; Add Pass-Through Logic to Inferred RAMs                                         ; On                 ; On                 ;
; Infer RAMs from Raw Logic                                                       ; On                 ; On                 ;
; Parallel Synthesis                                                              ; On                 ; On                 ;
; DSP Block Balancing                                                             ; Auto               ; Auto               ;
; NOT Gate Push-Back                                                              ; On                 ; On                 ;
; Power-Up Don't Care                                                             ; On                 ; On                 ;
; Remove Redundant Logic Cells                                                    ; Off                ; Off                ;
; Remove Duplicate Registers                                                      ; On                 ; On                 ;
; Ignore CARRY Buffers                                                            ; Off                ; Off                ;
; Ignore CASCADE Buffers                                                          ; Off                ; Off                ;
; Ignore GLOBAL Buffers                                                           ; Off                ; Off                ;
; Ignore ROW GLOBAL Buffers                                                       ; Off                ; Off                ;
; Ignore LCELL Buffers                                                            ; Off                ; Off                ;
; Ignore SOFT Buffers                                                             ; On                 ; On                 ;
; Limit AHDL Integers to 32 Bits                                                  ; Off                ; Off                ;
; Optimization Technique                                                          ; Balanced           ; Balanced           ;
; Carry Chain Length                                                              ; 70                 ; 70                 ;
; Auto Carry Chains                                                               ; On                 ; On                 ;
; Auto Open-Drain Pins                                                            ; On                 ; On                 ;
; Perform WYSIWYG Primitive Resynthesis                                           ; Off                ; Off                ;
; Auto ROM Replacement                                                            ; On                 ; On                 ;
; Auto RAM Replacement                                                            ; On                 ; On                 ;
; Auto DSP Block Replacement                                                      ; On                 ; On                 ;
; Auto Shift Register Replacement                                                 ; Auto               ; Auto               ;
; Allow Shift Register Merging across Hierarchies                                 ; Auto               ; Auto               ;
; Auto Clock Enable Replacement                                                   ; On                 ; On                 ;
; Strict RAM Replacement                                                          ; Off                ; Off                ;
; Allow Synchronous Control Signals                                               ; On                 ; On                 ;
; Force Use of Synchronous Clear Signals                                          ; Off                ; Off                ;
; Auto Resource Sharing                                                           ; Off                ; Off                ;
; Allow Any RAM Size For Recognition                                              ; Off                ; Off                ;
; Allow Any ROM Size For Recognition                                              ; Off                ; Off                ;
; Allow Any Shift Register Size For Recognition                                   ; Off                ; Off                ;
; Use LogicLock Constraints during Resource Balancing                             ; On                 ; On                 ;
; Ignore translate_off and synthesis_off directives                               ; Off                ; Off                ;
; Timing-Driven Synthesis                                                         ; On                 ; On                 ;
; Report Parameter Settings                                                       ; On                 ; On                 ;
; Report Source Assignments                                                       ; On                 ; On                 ;
; Report Connectivity Checks                                                      ; On                 ; On                 ;
; Ignore Maximum Fan-Out Assignments                                              ; Off                ; Off                ;
; Synchronization Register Chain Length                                           ; 3                  ; 3                  ;
; Power Optimization During Synthesis                                             ; Normal compilation ; Normal compilation ;
; HDL message level                                                               ; Level2             ; Level2             ;
; Suppress Register Optimization Related Messages                                 ; Off                ; Off                ;
; Number of Removed Registers Reported in Synthesis Report                        ; 5000               ; 5000               ;
; Number of Swept Nodes Reported in Synthesis Report                              ; 5000               ; 5000               ;
; Number of Inverted Registers Reported in Synthesis Report                       ; 100                ; 100                ;
; Clock MUX Protection                                                            ; On                 ; On                 ;
; Auto Gated Clock Conversion                                                     ; Off                ; Off                ;
; Block Design Naming                                                             ; Auto               ; Auto               ;
; SDC constraint protection                                                       ; Off                ; Off                ;
; Synthesis Effort                                                                ; Auto               ; Auto               ;
; Shift Register Replacement - Allow Asynchronous Clear Signal                    ; On                 ; On                 ;
; Pre-Mapping Resynthesis Optimization                                            ; Off                ; Off                ;
; Analysis & Synthesis Message Level                                              ; Medium             ; Medium             ;
; Disable Register Merging Across Hierarchies                                     ; Auto               ; Auto               ;
; Resource Aware Inference For Block RAM                                          ; On                 ; On                 ;
; Automatic Parallel Synthesis                                                    ; On                 ; On                 ;
; Partial Reconfiguration Bitstream ID                                            ; Off                ; Off                ;
+---------------------------------------------------------------------------------+--------------------+--------------------+


+----------------------------------------------------------+
; Port Connectivity Checks: "register_n:b2v_Data_register" ;
+--------+-------+----------+------------------------------+
; Port   ; Type  ; Severity ; Details                      ;
+--------+-------+----------+------------------------------+
; enable ; Input ; Info     ; Stuck at VCC                 ;
+--------+-------+----------+------------------------------+


+------------------------------------------------------------+
; Port Connectivity Checks: "register_n:b2v_ALUOut_register" ;
+--------+-------+----------+--------------------------------+
; Port   ; Type  ; Severity ; Details                        ;
+--------+-------+----------+--------------------------------+
; enable ; Input ; Info     ; Stuck at VCC                   ;
+--------+-------+----------+--------------------------------+


+--------------------------------------------------------------+
; Port Connectivity Checks: "ALU:b2v_ALU_0|mux2:SRA_uLESS_mux" ;
+-----------+-------+----------+-------------------------------+
; Port      ; Type  ; Severity ; Details                       ;
+-----------+-------+----------+-------------------------------+
; d1[31..1] ; Input ; Info     ; Stuck at GND                  ;
+-----------+-------+----------+-------------------------------+


+---------------------------------------------------------------------+
; Port Connectivity Checks: "ALU:b2v_ALU_0|mux4:XOR_LESS_SLL_SRL_mux" ;
+-----------+-------+----------+--------------------------------------+
; Port      ; Type  ; Severity ; Details                              ;
+-----------+-------+----------+--------------------------------------+
; d1[31..1] ; Input ; Info     ; Stuck at GND                         ;
+-----------+-------+----------+--------------------------------------+


+-------------------------------------------------------+
; Port Connectivity Checks: "register_n:b2v_A_register" ;
+--------+-------+----------+---------------------------+
; Port   ; Type  ; Severity ; Details                   ;
+--------+-------+----------+---------------------------+
; enable ; Input ; Info     ; Stuck at VCC              ;
+--------+-------+----------+---------------------------+


+---------------------------------+
; Analysis & Elaboration Messages ;
+---------------------------------+
Info: *******************************************************************
Info: Running Quartus Prime Analysis & Elaboration
    Info: Version 20.1.1 Build 720 11/11/2020 SJ Lite Edition
    Info: Processing started: Sun Mar 02 13:58:30 2025
Info: Command: quartus_map --read_settings_files=on --write_settings_files=off datapath -c datapath --analysis_and_elaboration
Warning (18236): Number of processors has not been specified which may cause overloading on shared machines.  Set the global assignment NUM_PARALLEL_PROCESSORS in your QSF to an appropriate value for best performance.
Info (20030): Parallel compilation is enabled and will use 6 of the 6 processors detected
Info (12021): Found 1 design units, including 1 entities, in source file zero_extend.v
    Info (12023): Found entity 1: zero_extend File: C:/Users/Alex/Desktop/CompArch_/Datapath/zero_extend.v Line: 1
Info (12021): Found 1 design units, including 1 entities, in source file write_data.v
    Info (12023): Found entity 1: write_data File: C:/Users/Alex/Desktop/CompArch_/Datapath/write_data.v Line: 1
Info (12021): Found 1 design units, including 1 entities, in source file sign_extend.v
    Info (12023): Found entity 1: sign_extend File: C:/Users/Alex/Desktop/CompArch_/Datapath/sign_extend.v Line: 1
Info (12021): Found 1 design units, including 1 entities, in source file register_n.v
    Info (12023): Found entity 1: register_n File: C:/Users/Alex/Desktop/CompArch_/Datapath/register_n.v Line: 1
Info (12021): Found 1 design units, including 1 entities, in source file read_data.v
    Info (12023): Found entity 1: read_data File: C:/Users/Alex/Desktop/CompArch_/Datapath/read_data.v Line: 1
Info (12021): Found 1 design units, including 1 entities, in source file mux4.v
    Info (12023): Found entity 1: mux4 File: C:/Users/Alex/Desktop/CompArch_/Datapath/mux4.v Line: 1
Info (12021): Found 1 design units, including 1 entities, in source file mux3.v
    Info (12023): Found entity 1: mux3 File: C:/Users/Alex/Desktop/CompArch_/Datapath/mux3.v Line: 1
Info (12021): Found 1 design units, including 1 entities, in source file mux2.v
    Info (12023): Found entity 1: mux2 File: C:/Users/Alex/Desktop/CompArch_/Datapath/mux2.v Line: 1
Info (12021): Found 1 design units, including 1 entities, in source file alu.v
    Info (12023): Found entity 1: ALU File: C:/Users/Alex/Desktop/CompArch_/Datapath/ALU.v Line: 1
Info (12021): Found 1 design units, including 1 entities, in source file register_file.v
    Info (12023): Found entity 1: register_file File: C:/Users/Alex/Desktop/CompArch_/Datapath/register_file.v Line: 1
Info (12021): Found 1 design units, including 1 entities, in source file extend.v
    Info (12023): Found entity 1: extend File: C:/Users/Alex/Desktop/CompArch_/Datapath/extend.v Line: 1
Info (12021): Found 1 design units, including 1 entities, in source file datapath.v
    Info (12023): Found entity 1: datapath File: C:/Users/Alex/Desktop/CompArch_/Datapath/datapath.v Line: 1
Info (12021): Found 1 design units, including 1 entities, in source file constant_32bit.v
    Info (12023): Found entity 1: constant_32bit File: C:/Users/Alex/Desktop/CompArch_/Datapath/constant_32bit.v Line: 1
Info (12127): Elaborating entity "datapath" for the top level hierarchy
Info (12128): Elaborating entity "register_n" for hierarchy "register_n:b2v_A_register" File: C:/Users/Alex/Desktop/CompArch_/Datapath/datapath.v Line: 77
Info (12128): Elaborating entity "ALU" for hierarchy "ALU:b2v_ALU_0" File: C:/Users/Alex/Desktop/CompArch_/Datapath/datapath.v Line: 85
Warning (10230): Verilog HDL assignment warning at alu.v(60): truncated value with size 32 to match size of target (1) File: C:/Users/Alex/Desktop/CompArch_/Datapath/alu.v Line: 60
Info (12128): Elaborating entity "mux2" for hierarchy "ALU:b2v_ALU_0|mux2:AND_OR_mux" File: C:/Users/Alex/Desktop/CompArch_/Datapath/alu.v Line: 67
Info (12128): Elaborating entity "mux4" for hierarchy "ALU:b2v_ALU_0|mux4:XOR_LESS_SLL_SRL_mux" File: C:/Users/Alex/Desktop/CompArch_/Datapath/alu.v Line: 71
Info (12128): Elaborating entity "mux3" for hierarchy "ALU:b2v_ALU_0|mux3:result_mux" File: C:/Users/Alex/Desktop/CompArch_/Datapath/alu.v Line: 75
Info (12128): Elaborating entity "extend" for hierarchy "extend:b2v_extend_0" File: C:/Users/Alex/Desktop/CompArch_/Datapath/datapath.v Line: 122
Info (12128): Elaborating entity "constant_32bit" for hierarchy "constant_32bit:b2v_PCIncrement" File: C:/Users/Alex/Desktop/CompArch_/Datapath/datapath.v Line: 156
Info (12128): Elaborating entity "read_data" for hierarchy "read_data:b2v_ReadData_0" File: C:/Users/Alex/Desktop/CompArch_/Datapath/datapath.v Line: 163
Info (12128): Elaborating entity "mux4" for hierarchy "read_data:b2v_ReadData_0|mux4:ByteSelectMux" File: C:/Users/Alex/Desktop/CompArch_/Datapath/read_data.v Line: 27
Info (12128): Elaborating entity "mux2" for hierarchy "read_data:b2v_ReadData_0|mux4:ByteSelectMux|mux2:mux2_0" File: C:/Users/Alex/Desktop/CompArch_/Datapath/mux4.v Line: 14
Info (12128): Elaborating entity "mux2" for hierarchy "read_data:b2v_ReadData_0|mux2:HalfWordSelectMux" File: C:/Users/Alex/Desktop/CompArch_/Datapath/read_data.v Line: 29
Info (12128): Elaborating entity "zero_extend" for hierarchy "read_data:b2v_ReadData_0|zero_extend:ZeroExtend_Byte" File: C:/Users/Alex/Desktop/CompArch_/Datapath/read_data.v Line: 31
Info (12128): Elaborating entity "sign_extend" for hierarchy "read_data:b2v_ReadData_0|sign_extend:SignExtend_Byte" File: C:/Users/Alex/Desktop/CompArch_/Datapath/read_data.v Line: 33
Warning (10230): Verilog HDL assignment warning at sign_extend.v(10): truncated value with size 32 to match size of target (24) File: C:/Users/Alex/Desktop/CompArch_/Datapath/sign_extend.v Line: 10
Info (12128): Elaborating entity "zero_extend" for hierarchy "read_data:b2v_ReadData_0|zero_extend:ZeroExtend_Half" File: C:/Users/Alex/Desktop/CompArch_/Datapath/read_data.v Line: 35
Info (12128): Elaborating entity "sign_extend" for hierarchy "read_data:b2v_ReadData_0|sign_extend:SignExtend_Half" File: C:/Users/Alex/Desktop/CompArch_/Datapath/read_data.v Line: 37
Warning (10230): Verilog HDL assignment warning at sign_extend.v(10): truncated value with size 32 to match size of target (16) File: C:/Users/Alex/Desktop/CompArch_/Datapath/sign_extend.v Line: 10
Info (12128): Elaborating entity "register_file" for hierarchy "register_file:b2v_rf_0" File: C:/Users/Alex/Desktop/CompArch_/Datapath/datapath.v Line: 174
Warning (10240): Verilog HDL Always Construct warning at register_file.v(15): inferring latch(es) for variable "i", which holds its previous value in one or more paths through the always construct File: C:/Users/Alex/Desktop/CompArch_/Datapath/register_file.v Line: 15
Info (12128): Elaborating entity "write_data" for hierarchy "write_data:b2v_WriteData_0" File: C:/Users/Alex/Desktop/CompArch_/Datapath/datapath.v Line: 198
Info (12128): Elaborating entity "constant_32bit" for hierarchy "constant_32bit:b2v_ZeroForA" File: C:/Users/Alex/Desktop/CompArch_/Datapath/datapath.v Line: 201
Info: Quartus Prime Analysis & Elaboration was successful. 0 errors, 5 warnings
    Info: Peak virtual memory: 4778 megabytes
    Info: Processing ended: Sun Mar 02 13:58:37 2025
    Info: Elapsed time: 00:00:07
    Info: Total CPU time (on all processors): 00:00:15


