Analysis & Synthesis report for Controller
Sun Mar 16 20:34:07 2025
Quartus Prime Version 20.1.1 Build 720 11/11/2020 SJ Lite Edition


---------------------
; Table of Contents ;
---------------------
  1. Legal Notice
  2. Analysis & Synthesis Summary
  3. Analysis & Synthesis Settings
  4. Parallel Compilation
  5. Analysis & Synthesis Source Files Read
  6. Analysis & Synthesis Resource Usage Summary
  7. Analysis & Synthesis Resource Utilization by Entity
  8. State Machine - |controller|main_fsm:b2v_main_fsm_0|state
  9. Registers Removed During Synthesis
 10. General Register Statistics
 11. Parameter Settings for User Entity Instance: main_fsm:b2v_main_fsm_0
 12. Post-Synthesis Netlist Statistics for Top Partition
 13. Elapsed Time Per Partition
 14. Analysis & Synthesis Messages
 15. Analysis & Synthesis Suppressed Messages



----------------
; Legal Notice ;
----------------
Copyright (C) 2020  Intel Corporation. All rights reserved.
Your use of Intel Corporation's design tools, logic functions 
and other software and tools, and any partner logic 
functions, and any output files from any of the foregoing 
(including device programming or simulation files), and any 
associated documentation or information are expressly subject 
to the terms and conditions of the Intel Program License 
Subscription Agreement, the Intel Quartus Prime License Agreement,
the Intel FPGA IP License Agreement, or other applicable license
agreement, including, without limitation, that your use is for
the sole purpose of programming logic devices manufactured by
Intel and sold by Intel or its authorized distributors.  Please
refer to the applicable agreement for further details, at
https://fpgasoftware.intel.com/eula.



+-------------------------------------------------------------------------------+
; Analysis & Synthesis Summary                                                  ;
+---------------------------------+---------------------------------------------+
; Analysis & Synthesis Status     ; Successful - Sun Mar 16 20:34:07 2025       ;
; Quartus Prime Version           ; 20.1.1 Build 720 11/11/2020 SJ Lite Edition ;
; Revision Name                   ; Controller                                  ;
; Top-level Entity Name           ; controller                                  ;
; Family                          ; Cyclone V                                   ;
; Logic utilization (in ALMs)     ; N/A                                         ;
; Total registers                 ; 15                                          ;
; Total pins                      ; 40                                          ;
; Total virtual pins              ; 0                                           ;
; Total block memory bits         ; 0                                           ;
; Total DSP Blocks                ; 0                                           ;
; Total HSSI RX PCSs              ; 0                                           ;
; Total HSSI PMA RX Deserializers ; 0                                           ;
; Total HSSI TX PCSs              ; 0                                           ;
; Total HSSI PMA TX Serializers   ; 0                                           ;
; Total PLLs                      ; 0                                           ;
; Total DLLs                      ; 0                                           ;
+---------------------------------+---------------------------------------------+


+---------------------------------------------------------------------------------------------------------------------------+
; Analysis & Synthesis Settings                                                                                             ;
+---------------------------------------------------------------------------------+--------------------+--------------------+
; Option                                                                          ; Setting            ; Default Value      ;
+---------------------------------------------------------------------------------+--------------------+--------------------+
; Device                                                                          ; 5CGXFC7C7F23C8     ;                    ;
; Top-level entity name                                                           ; controller         ; Controller         ;
; Family name                                                                     ; Cyclone V          ; Cyclone V          ;
; Use smart compilation                                                           ; Off                ; Off                ;
; Enable parallel Assembler and Timing Analyzer during compilation                ; On                 ; On                 ;
; Enable compact report table                                                     ; Off                ; Off                ;
; Restructure Multiplexers                                                        ; Auto               ; Auto               ;
; MLAB Add Timing Constraints For Mixed-Port Feed-Through Mode Setting Don't Care ; Off                ; Off                ;
; Create Debugging Nodes for IP Cores                                             ; Off                ; Off                ;
; Preserve fewer node names                                                       ; On                 ; On                 ;
; Intel FPGA IP Evaluation Mode                                                   ; Enable             ; Enable             ;
; Verilog Version                                                                 ; Verilog_2001       ; Verilog_2001       ;
; VHDL Version                                                                    ; VHDL_1993          ; VHDL_1993          ;
; State Machine Processing                                                        ; Auto               ; Auto               ;
; Safe State Machine                                                              ; Off                ; Off                ;
; Extract Verilog State Machines                                                  ; On                 ; On                 ;
; Extract VHDL State Machines                                                     ; On                 ; On                 ;
; Ignore Verilog initial constructs                                               ; Off                ; Off                ;
; Iteration limit for constant Verilog loops                                      ; 5000               ; 5000               ;
; Iteration limit for non-constant Verilog loops                                  ; 250                ; 250                ;
; Add Pass-Through Logic to Inferred RAMs                                         ; On                 ; On                 ;
; Infer RAMs from Raw Logic                                                       ; On                 ; On                 ;
; Parallel Synthesis                                                              ; On                 ; On                 ;
; DSP Block Balancing                                                             ; Auto               ; Auto               ;
; NOT Gate Push-Back                                                              ; On                 ; On                 ;
; Power-Up Don't Care                                                             ; On                 ; On                 ;
; Remove Redundant Logic Cells                                                    ; Off                ; Off                ;
; Remove Duplicate Registers                                                      ; On                 ; On                 ;
; Ignore CARRY Buffers                                                            ; Off                ; Off                ;
; Ignore CASCADE Buffers                                                          ; Off                ; Off                ;
; Ignore GLOBAL Buffers                                                           ; Off                ; Off                ;
; Ignore ROW GLOBAL Buffers                                                       ; Off                ; Off                ;
; Ignore LCELL Buffers                                                            ; Off                ; Off                ;
; Ignore SOFT Buffers                                                             ; On                 ; On                 ;
; Limit AHDL Integers to 32 Bits                                                  ; Off                ; Off                ;
; Optimization Technique                                                          ; Balanced           ; Balanced           ;
; Carry Chain Length                                                              ; 70                 ; 70                 ;
; Auto Carry Chains                                                               ; On                 ; On                 ;
; Auto Open-Drain Pins                                                            ; On                 ; On                 ;
; Perform WYSIWYG Primitive Resynthesis                                           ; Off                ; Off                ;
; Auto ROM Replacement                                                            ; On                 ; On                 ;
; Auto RAM Replacement                                                            ; On                 ; On                 ;
; Auto DSP Block Replacement                                                      ; On                 ; On                 ;
; Auto Shift Register Replacement                                                 ; Auto               ; Auto               ;
; Allow Shift Register Merging across Hierarchies                                 ; Auto               ; Auto               ;
; Auto Clock Enable Replacement                                                   ; On                 ; On                 ;
; Strict RAM Replacement                                                          ; Off                ; Off                ;
; Allow Synchronous Control Signals                                               ; On                 ; On                 ;
; Force Use of Synchronous Clear Signals                                          ; Off                ; Off                ;
; Auto Resource Sharing                                                           ; Off                ; Off                ;
; Allow Any RAM Size For Recognition                                              ; Off                ; Off                ;
; Allow Any ROM Size For Recognition                                              ; Off                ; Off                ;
; Allow Any Shift Register Size For Recognition                                   ; Off                ; Off                ;
; Use LogicLock Constraints during Resource Balancing                             ; On                 ; On                 ;
; Ignore translate_off and synthesis_off directives                               ; Off                ; Off                ;
; Timing-Driven Synthesis                                                         ; On                 ; On                 ;
; Report Parameter Settings                                                       ; On                 ; On                 ;
; Report Source Assignments                                                       ; On                 ; On                 ;
; Report Connectivity Checks                                                      ; On                 ; On                 ;
; Ignore Maximum Fan-Out Assignments                                              ; Off                ; Off                ;
; Synchronization Register Chain Length                                           ; 3                  ; 3                  ;
; Power Optimization During Synthesis                                             ; Normal compilation ; Normal compilation ;
; HDL message level                                                               ; Level2             ; Level2             ;
; Suppress Register Optimization Related Messages                                 ; Off                ; Off                ;
; Number of Removed Registers Reported in Synthesis Report                        ; 5000               ; 5000               ;
; Number of Swept Nodes Reported in Synthesis Report                              ; 5000               ; 5000               ;
; Number of Inverted Registers Reported in Synthesis Report                       ; 100                ; 100                ;
; Clock MUX Protection                                                            ; On                 ; On                 ;
; Auto Gated Clock Conversion                                                     ; Off                ; Off                ;
; Block Design Naming                                                             ; Auto               ; Auto               ;
; SDC constraint protection                                                       ; Off                ; Off                ;
; Synthesis Effort                                                                ; Auto               ; Auto               ;
; Shift Register Replacement - Allow Asynchronous Clear Signal                    ; On                 ; On                 ;
; Pre-Mapping Resynthesis Optimization                                            ; Off                ; Off                ;
; Analysis & Synthesis Message Level                                              ; Medium             ; Medium             ;
; Disable Register Merging Across Hierarchies                                     ; Auto               ; Auto               ;
; Resource Aware Inference For Block RAM                                          ; On                 ; On                 ;
; Automatic Parallel Synthesis                                                    ; On                 ; On                 ;
; Partial Reconfiguration Bitstream ID                                            ; Off                ; Off                ;
+---------------------------------------------------------------------------------+--------------------+--------------------+


+------------------------------------------+
; Parallel Compilation                     ;
+----------------------------+-------------+
; Processors                 ; Number      ;
+----------------------------+-------------+
; Number detected on machine ; 12          ;
; Maximum allowed            ; 6           ;
;                            ;             ;
; Average used               ; 1.00        ;
; Maximum used               ; 6           ;
;                            ;             ;
; Usage by Processor         ; % Time Used ;
;     Processor 1            ; 100.0%      ;
;     Processors 2-6         ;   0.0%      ;
+----------------------------+-------------+


+------------------------------------------------------------------------------------------------------------------------------------------------------+
; Analysis & Synthesis Source Files Read                                                                                                               ;
+----------------------------------+-----------------+------------------------+--------------------------------------------------------------+---------+
; File Name with User-Entered Path ; Used in Netlist ; File Type              ; File Name with Absolute Path                                 ; Library ;
+----------------------------------+-----------------+------------------------+--------------------------------------------------------------+---------+
; main_fsm.v                       ; yes             ; User Verilog HDL File  ; C:/Users/Alex/Desktop/CompArch_/Controller/main_fsm.v        ;         ;
; controller.v                     ; yes             ; User Verilog HDL File  ; C:/Users/Alex/Desktop/CompArch_/Controller/controller.v      ;         ;
; load_store_unit.v                ; yes             ; User Verilog HDL File  ; C:/Users/Alex/Desktop/CompArch_/Controller/load_store_unit.v ;         ;
; imm_src_decoder.v                ; yes             ; User Verilog HDL File  ; C:/Users/Alex/Desktop/CompArch_/Controller/imm_src_decoder.v ;         ;
; branch_unit.v                    ; yes             ; User Verilog HDL File  ; C:/Users/Alex/Desktop/CompArch_/Controller/branch_unit.v     ;         ;
; ALU_decoder.v                    ; yes             ; User Verilog HDL File  ; C:/Users/Alex/Desktop/CompArch_/Controller/ALU_decoder.v     ;         ;
+----------------------------------+-----------------+------------------------+--------------------------------------------------------------+---------+


+-----------------------------------------------------------+
; Analysis & Synthesis Resource Usage Summary               ;
+---------------------------------------------+-------------+
; Resource                                    ; Usage       ;
+---------------------------------------------+-------------+
; Estimate of Logic utilization (ALMs needed) ; 28          ;
;                                             ;             ;
; Combinational ALUT usage for logic          ; 45          ;
;     -- 7 input functions                    ; 1           ;
;     -- 6 input functions                    ; 8           ;
;     -- 5 input functions                    ; 6           ;
;     -- 4 input functions                    ; 14          ;
;     -- <=3 input functions                  ; 16          ;
;                                             ;             ;
; Dedicated logic registers                   ; 15          ;
;                                             ;             ;
; I/O pins                                    ; 40          ;
;                                             ;             ;
; Total DSP Blocks                            ; 0           ;
;                                             ;             ;
; Maximum fan-out node                        ; clock~input ;
; Maximum fan-out                             ; 15          ;
; Total fan-out                               ; 289         ;
; Average fan-out                             ; 2.06        ;
+---------------------------------------------+-------------+


+------------------------------------------------------------------------------------------------------------------------------------------------------------------------------------------------------------------------------------------+
; Analysis & Synthesis Resource Utilization by Entity                                                                                                                                                                                      ;
+--------------------------------------------+---------------------+---------------------------+-------------------+------------+------+--------------+---------------------------------------------------+-----------------+--------------+
; Compilation Hierarchy Node                 ; Combinational ALUTs ; Dedicated Logic Registers ; Block Memory Bits ; DSP Blocks ; Pins ; Virtual Pins ; Full Hierarchy Name                               ; Entity Name     ; Library Name ;
+--------------------------------------------+---------------------+---------------------------+-------------------+------------+------+--------------+---------------------------------------------------+-----------------+--------------+
; |controller                                ; 45 (3)              ; 15 (0)                    ; 0                 ; 0          ; 40   ; 0            ; |controller                                       ; controller      ; work         ;
;    |ALU_decoder:b2v_ALU_decoder_0|         ; 10 (10)             ; 0 (0)                     ; 0                 ; 0          ; 0    ; 0            ; |controller|ALU_decoder:b2v_ALU_decoder_0         ; ALU_decoder     ; work         ;
;    |branch_unit:b2v_branch_unit_0|         ; 2 (2)               ; 0 (0)                     ; 0                 ; 0          ; 0    ; 0            ; |controller|branch_unit:b2v_branch_unit_0         ; branch_unit     ; work         ;
;    |imm_src_decoder:b2v_imm_src_decoder_0| ; 7 (7)               ; 0 (0)                     ; 0                 ; 0          ; 0    ; 0            ; |controller|imm_src_decoder:b2v_imm_src_decoder_0 ; imm_src_decoder ; work         ;
;    |load_store_unit:b2v_load_store_unit_0| ; 1 (1)               ; 0 (0)                     ; 0                 ; 0          ; 0    ; 0            ; |controller|load_store_unit:b2v_load_store_unit_0 ; load_store_unit ; work         ;
;    |main_fsm:b2v_main_fsm_0|               ; 22 (22)             ; 15 (15)                   ; 0                 ; 0          ; 0    ; 0            ; |controller|main_fsm:b2v_main_fsm_0               ; main_fsm        ; work         ;
+--------------------------------------------+---------------------+---------------------------+-------------------+------------+------+--------------+---------------------------------------------------+-----------------+--------------+
Note: For table entries with two numbers listed, the numbers in parentheses indicate the number of resources of the given type used by the specific entity alone. The numbers listed outside of parentheses indicate the total resources of the given type used by the specific entity and all of its sub-entities in the hierarchy.


Encoding Type:  One-Hot
+-----------------------------------------------------------------------------------------------------------------------------------------------------------------------------------------------------------------------------------------+
; State Machine - |controller|main_fsm:b2v_main_fsm_0|state                                                                                                                                                                               ;
+----------------+-------------+--------------+------------+-----------+-----------+-----------+----------------+-------------+----------------+----------------+-------------+---------------+--------------+--------------+-------------+
; Name           ; state.AUIPC ; state.JALRWB ; state.JALR ; state.LUI ; state.BEQ ; state.JAL ; state.EXECUTEI ; state.ALUWB ; state.EXECUTER ; state.MEMWRITE ; state.MEMWB ; state.MEMREAD ; state.MEMADR ; state.DECODE ; state.FETCH ;
+----------------+-------------+--------------+------------+-----------+-----------+-----------+----------------+-------------+----------------+----------------+-------------+---------------+--------------+--------------+-------------+
; state.FETCH    ; 0           ; 0            ; 0          ; 0         ; 0         ; 0         ; 0              ; 0           ; 0              ; 0              ; 0           ; 0             ; 0            ; 0            ; 0           ;
; state.DECODE   ; 0           ; 0            ; 0          ; 0         ; 0         ; 0         ; 0              ; 0           ; 0              ; 0              ; 0           ; 0             ; 0            ; 1            ; 1           ;
; state.MEMADR   ; 0           ; 0            ; 0          ; 0         ; 0         ; 0         ; 0              ; 0           ; 0              ; 0              ; 0           ; 0             ; 1            ; 0            ; 1           ;
; state.MEMREAD  ; 0           ; 0            ; 0          ; 0         ; 0         ; 0         ; 0              ; 0           ; 0              ; 0              ; 0           ; 1             ; 0            ; 0            ; 1           ;
; state.MEMWB    ; 0           ; 0            ; 0          ; 0         ; 0         ; 0         ; 0              ; 0           ; 0              ; 0              ; 1           ; 0             ; 0            ; 0            ; 1           ;
; state.MEMWRITE ; 0           ; 0            ; 0          ; 0         ; 0         ; 0         ; 0              ; 0           ; 0              ; 1              ; 0           ; 0             ; 0            ; 0            ; 1           ;
; state.EXECUTER ; 0           ; 0            ; 0          ; 0         ; 0         ; 0         ; 0              ; 0           ; 1              ; 0              ; 0           ; 0             ; 0            ; 0            ; 1           ;
; state.ALUWB    ; 0           ; 0            ; 0          ; 0         ; 0         ; 0         ; 0              ; 1           ; 0              ; 0              ; 0           ; 0             ; 0            ; 0            ; 1           ;
; state.EXECUTEI ; 0           ; 0            ; 0          ; 0         ; 0         ; 0         ; 1              ; 0           ; 0              ; 0              ; 0           ; 0             ; 0            ; 0            ; 1           ;
; state.JAL      ; 0           ; 0            ; 0          ; 0         ; 0         ; 1         ; 0              ; 0           ; 0              ; 0              ; 0           ; 0             ; 0            ; 0            ; 1           ;
; state.BEQ      ; 0           ; 0            ; 0          ; 0         ; 1         ; 0         ; 0              ; 0           ; 0              ; 0              ; 0           ; 0             ; 0            ; 0            ; 1           ;
; state.LUI      ; 0           ; 0            ; 0          ; 1         ; 0         ; 0         ; 0              ; 0           ; 0              ; 0              ; 0           ; 0             ; 0            ; 0            ; 1           ;
; state.JALR     ; 0           ; 0            ; 1          ; 0         ; 0         ; 0         ; 0              ; 0           ; 0              ; 0              ; 0           ; 0             ; 0            ; 0            ; 1           ;
; state.JALRWB   ; 0           ; 1            ; 0          ; 0         ; 0         ; 0         ; 0              ; 0           ; 0              ; 0              ; 0           ; 0             ; 0            ; 0            ; 1           ;
; state.AUIPC    ; 1           ; 0            ; 0          ; 0         ; 0         ; 0         ; 0              ; 0           ; 0              ; 0              ; 0           ; 0             ; 0            ; 0            ; 1           ;
+----------------+-------------+--------------+------------+-----------+-----------+-----------+----------------+-------------+----------------+----------------+-------------+---------------+--------------+--------------+-------------+


+------------------------------------------------------------+
; Registers Removed During Synthesis                         ;
+---------------------------------------+--------------------+
; Register name                         ; Reason for Removal ;
+---------------------------------------+--------------------+
; main_fsm:b2v_main_fsm_0|state~4       ; Lost fanout        ;
; main_fsm:b2v_main_fsm_0|state~5       ; Lost fanout        ;
; main_fsm:b2v_main_fsm_0|state~6       ; Lost fanout        ;
; main_fsm:b2v_main_fsm_0|state~7       ; Lost fanout        ;
; Total Number of Removed Registers = 4 ;                    ;
+---------------------------------------+--------------------+


+------------------------------------------------------+
; General Register Statistics                          ;
+----------------------------------------------+-------+
; Statistic                                    ; Value ;
+----------------------------------------------+-------+
; Total registers                              ; 15    ;
; Number of registers using Synchronous Clear  ; 0     ;
; Number of registers using Synchronous Load   ; 0     ;
; Number of registers using Asynchronous Clear ; 15    ;
; Number of registers using Asynchronous Load  ; 0     ;
; Number of registers using Clock Enable       ; 0     ;
; Number of registers using Preset             ; 0     ;
+----------------------------------------------+-------+


+----------------------------------------------------------------------+
; Parameter Settings for User Entity Instance: main_fsm:b2v_main_fsm_0 ;
+----------------+-------+---------------------------------------------+
; Parameter Name ; Value ; Type                                        ;
+----------------+-------+---------------------------------------------+
; FETCH          ; 0     ; Signed Integer                              ;
; DECODE         ; 1     ; Signed Integer                              ;
; MEMADR         ; 2     ; Signed Integer                              ;
; MEMREAD        ; 3     ; Signed Integer                              ;
; MEMWB          ; 4     ; Signed Integer                              ;
; MEMWRITE       ; 5     ; Signed Integer                              ;
; EXECUTER       ; 6     ; Signed Integer                              ;
; ALUWB          ; 7     ; Signed Integer                              ;
; EXECUTEI       ; 8     ; Signed Integer                              ;
; JAL            ; 9     ; Signed Integer                              ;
; BEQ            ; 10    ; Signed Integer                              ;
; LUI            ; 11    ; Signed Integer                              ;
; JALR           ; 12    ; Signed Integer                              ;
; JALRWB         ; 13    ; Signed Integer                              ;
; AUIPC          ; 14    ; Signed Integer                              ;
+----------------+-------+---------------------------------------------+
Note: In order to hide this table in the UI and the text report file, please set the "Show Parameter Settings in Synthesis Report" option in "Analysis and Synthesis Settings -> More Settings" to "Off".


+-----------------------------------------------------+
; Post-Synthesis Netlist Statistics for Top Partition ;
+-----------------------+-----------------------------+
; Type                  ; Count                       ;
+-----------------------+-----------------------------+
; arriav_ff             ; 15                          ;
;     CLR               ; 15                          ;
; arriav_lcell_comb     ; 49                          ;
;     extend            ; 1                           ;
;         7 data inputs ; 1                           ;
;     normal            ; 48                          ;
;         1 data inputs ; 5                           ;
;         2 data inputs ; 6                           ;
;         3 data inputs ; 9                           ;
;         4 data inputs ; 14                          ;
;         5 data inputs ; 6                           ;
;         6 data inputs ; 8                           ;
; boundary_port         ; 40                          ;
;                       ;                             ;
; Max LUT depth         ; 3.00                        ;
; Average LUT depth     ; 1.89                        ;
+-----------------------+-----------------------------+


+-------------------------------+
; Elapsed Time Per Partition    ;
+----------------+--------------+
; Partition Name ; Elapsed Time ;
+----------------+--------------+
; Top            ; 00:00:00     ;
+----------------+--------------+


+-------------------------------+
; Analysis & Synthesis Messages ;
+-------------------------------+
Info: *******************************************************************
Info: Running Quartus Prime Analysis & Synthesis
    Info: Version 20.1.1 Build 720 11/11/2020 SJ Lite Edition
    Info: Processing started: Sun Mar 16 20:33:58 2025
Info: Command: quartus_map --read_settings_files=on --write_settings_files=off Controller -c Controller
Warning (18236): Number of processors has not been specified which may cause overloading on shared machines.  Set the global assignment NUM_PARALLEL_PROCESSORS in your QSF to an appropriate value for best performance.
Info (20030): Parallel compilation is enabled and will use 6 of the 6 processors detected
Info (12021): Found 1 design units, including 1 entities, in source file main_fsm.v
    Info (12023): Found entity 1: main_fsm File: C:/Users/Alex/Desktop/CompArch_/Controller/main_fsm.v Line: 1
Info (12021): Found 1 design units, including 1 entities, in source file controller.v
    Info (12023): Found entity 1: controller File: C:/Users/Alex/Desktop/CompArch_/Controller/controller.v Line: 1
Info (12021): Found 1 design units, including 1 entities, in source file load_store_unit.v
    Info (12023): Found entity 1: load_store_unit File: C:/Users/Alex/Desktop/CompArch_/Controller/load_store_unit.v Line: 1
Info (12021): Found 1 design units, including 1 entities, in source file imm_src_decoder.v
    Info (12023): Found entity 1: imm_src_decoder File: C:/Users/Alex/Desktop/CompArch_/Controller/imm_src_decoder.v Line: 1
Info (12021): Found 1 design units, including 1 entities, in source file branch_unit.v
    Info (12023): Found entity 1: branch_unit File: C:/Users/Alex/Desktop/CompArch_/Controller/branch_unit.v Line: 1
Info (12021): Found 1 design units, including 1 entities, in source file alu_decoder.v
    Info (12023): Found entity 1: ALU_decoder File: C:/Users/Alex/Desktop/CompArch_/Controller/ALU_decoder.v Line: 1
Info (12127): Elaborating entity "controller" for the top level hierarchy
Info (12128): Elaborating entity "ALU_decoder" for hierarchy "ALU_decoder:b2v_ALU_decoder_0" File: C:/Users/Alex/Desktop/CompArch_/Controller/controller.v Line: 56
Info (12128): Elaborating entity "branch_unit" for hierarchy "branch_unit:b2v_branch_unit_0" File: C:/Users/Alex/Desktop/CompArch_/Controller/controller.v Line: 63
Info (12128): Elaborating entity "imm_src_decoder" for hierarchy "imm_src_decoder:b2v_imm_src_decoder_0" File: C:/Users/Alex/Desktop/CompArch_/Controller/controller.v Line: 68
Info (12128): Elaborating entity "load_store_unit" for hierarchy "load_store_unit:b2v_load_store_unit_0" File: C:/Users/Alex/Desktop/CompArch_/Controller/controller.v Line: 74
Info (12128): Elaborating entity "main_fsm" for hierarchy "main_fsm:b2v_main_fsm_0" File: C:/Users/Alex/Desktop/CompArch_/Controller/controller.v Line: 90
Info (10264): Verilog HDL Case Statement information at main_fsm.v(37): all case item expressions in this case statement are onehot File: C:/Users/Alex/Desktop/CompArch_/Controller/main_fsm.v Line: 37
Info (286030): Timing-Driven Synthesis is running
Info (17049): 4 registers lost all their fanouts during netlist optimizations.
Info (144001): Generated suppressed messages file C:/Users/Alex/Desktop/CompArch_/Controller/output_files/Controller.map.smsg
Info (16010): Generating hard_block partition "hard_block:auto_generated_inst"
    Info (16011): Adding 0 node(s), including 0 DDIO, 0 PLL, 0 transceiver and 0 LCELL
Info (21057): Implemented 87 device resources after synthesis - the final resource count might be different
    Info (21058): Implemented 17 input pins
    Info (21059): Implemented 23 output pins
    Info (21061): Implemented 47 logic cells
Info: Quartus Prime Analysis & Synthesis was successful. 0 errors, 1 warning
    Info: Peak virtual memory: 4842 megabytes
    Info: Processing ended: Sun Mar 16 20:34:07 2025
    Info: Elapsed time: 00:00:09
    Info: Total CPU time (on all processors): 00:00:18


+------------------------------------------+
; Analysis & Synthesis Suppressed Messages ;
+------------------------------------------+
The suppressed messages can be found in C:/Users/Alex/Desktop/CompArch_/Controller/output_files/Controller.map.smsg.


